mode: set
github.com/jenkins-x/jx-client/pkg/config/install_applications.go:52.69,54.15 2 1
github.com/jenkins-x/jx-client/pkg/config/install_applications.go:58.2,59.27 2 1
github.com/jenkins-x/jx-client/pkg/config/install_applications.go:63.2,66.16 3 1
github.com/jenkins-x/jx-client/pkg/config/install_applications.go:69.2,70.16 2 1
github.com/jenkins-x/jx-client/pkg/config/install_applications.go:73.2,73.31 1 1
github.com/jenkins-x/jx-client/pkg/config/install_applications.go:76.2,77.16 2 1
github.com/jenkins-x/jx-client/pkg/config/install_applications.go:82.2,82.42 1 1
github.com/jenkins-x/jx-client/pkg/config/install_applications.go:91.2,91.20 1 1
github.com/jenkins-x/jx-client/pkg/config/install_applications.go:54.15,56.3 1 1
github.com/jenkins-x/jx-client/pkg/config/install_applications.go:59.27,61.3 1 0
github.com/jenkins-x/jx-client/pkg/config/install_applications.go:66.16,68.3 1 0
github.com/jenkins-x/jx-client/pkg/config/install_applications.go:70.16,72.3 1 0
github.com/jenkins-x/jx-client/pkg/config/install_applications.go:73.31,75.3 1 0
github.com/jenkins-x/jx-client/pkg/config/install_applications.go:77.16,79.3 1 0
github.com/jenkins-x/jx-client/pkg/config/install_applications.go:82.42,83.22 1 1
github.com/jenkins-x/jx-client/pkg/config/install_applications.go:83.22,84.58 1 1
github.com/jenkins-x/jx-client/pkg/config/install_applications.go:84.58,87.5 1 1
github.com/jenkins-x/jx-client/pkg/config/install_requirements.go:432.58,441.51 3 1
github.com/jenkins-x/jx-client/pkg/config/install_requirements.go:445.2,447.16 3 1
github.com/jenkins-x/jx-client/pkg/config/install_requirements.go:451.2,454.35 3 1
github.com/jenkins-x/jx-client/pkg/config/install_requirements.go:458.2,458.19 1 1
github.com/jenkins-x/jx-client/pkg/config/install_requirements.go:467.2,467.12 1 1
github.com/jenkins-x/jx-client/pkg/config/install_requirements.go:441.51,443.3 1 0
github.com/jenkins-x/jx-client/pkg/config/install_requirements.go:447.16,449.3 1 0
github.com/jenkins-x/jx-client/pkg/config/install_requirements.go:454.35,456.3 1 1
github.com/jenkins-x/jx-client/pkg/config/install_requirements.go:458.19,461.30 3 1
github.com/jenkins-x/jx-client/pkg/config/install_requirements.go:461.30,463.4 1 1
github.com/jenkins-x/jx-client/pkg/config/install_requirements.go:463.9,465.4 1 1
github.com/jenkins-x/jx-client/pkg/config/install_requirements.go:558.50,563.2 1 1
github.com/jenkins-x/jx-client/pkg/config/install_requirements.go:568.107,570.16 2 1
github.com/jenkins-x/jx-client/pkg/config/install_requirements.go:573.2,573.59 1 1
github.com/jenkins-x/jx-client/pkg/config/install_requirements.go:589.2,589.66 1 1
github.com/jenkins-x/jx-client/pkg/config/install_requirements.go:570.16,572.3 1 0
github.com/jenkins-x/jx-client/pkg/config/install_requirements.go:573.59,578.17 4 1
github.com/jenkins-x/jx-client/pkg/config/install_requirements.go:582.3,582.14 1 1
github.com/jenkins-x/jx-client/pkg/config/install_requirements.go:586.3,587.31 2 1
github.com/jenkins-x/jx-client/pkg/config/install_requirements.go:578.17,580.4 1 0
github.com/jenkins-x/jx-client/pkg/config/install_requirements.go:582.14,583.12 1 1
github.com/jenkins-x/jx-client/pkg/config/install_requirements.go:593.108,596.16 3 1
github.com/jenkins-x/jx-client/pkg/config/install_requirements.go:600.2,601.16 2 1
github.com/jenkins-x/jx-client/pkg/config/install_requirements.go:605.2,606.16 2 1
github.com/jenkins-x/jx-client/pkg/config/install_requirements.go:610.2,610.31 1 1
github.com/jenkins-x/jx-client/pkg/config/install_requirements.go:618.2,619.16 2 1
github.com/jenkins-x/jx-client/pkg/config/install_requirements.go:623.2,625.20 3 1
github.com/jenkins-x/jx-client/pkg/config/install_requirements.go:596.16,598.3 1 0
github.com/jenkins-x/jx-client/pkg/config/install_requirements.go:601.16,603.3 1 0
github.com/jenkins-x/jx-client/pkg/config/install_requirements.go:606.16,608.3 1 0
github.com/jenkins-x/jx-client/pkg/config/install_requirements.go:610.31,613.29 2 1
github.com/jenkins-x/jx-client/pkg/config/install_requirements.go:613.29,615.4 1 1
github.com/jenkins-x/jx-client/pkg/config/install_requirements.go:619.16,621.3 1 0
github.com/jenkins-x/jx-client/pkg/config/install_requirements.go:629.100,630.21 1 0
github.com/jenkins-x/jx-client/pkg/config/install_requirements.go:635.2,635.37 1 0
github.com/jenkins-x/jx-client/pkg/config/install_requirements.go:639.2,642.16 4 0
github.com/jenkins-x/jx-client/pkg/config/install_requirements.go:645.2,645.31 1 0
github.com/jenkins-x/jx-client/pkg/config/install_requirements.go:648.2,649.16 2 0
github.com/jenkins-x/jx-client/pkg/config/install_requirements.go:652.2,652.20 1 0
github.com/jenkins-x/jx-client/pkg/config/install_requirements.go:630.21,632.3 1 0
github.com/jenkins-x/jx-client/pkg/config/install_requirements.go:635.37,637.3 1 0
github.com/jenkins-x/jx-client/pkg/config/install_requirements.go:642.16,644.3 1 0
github.com/jenkins-x/jx-client/pkg/config/install_requirements.go:645.31,647.3 1 0
github.com/jenkins-x/jx-client/pkg/config/install_requirements.go:649.16,651.3 1 0
github.com/jenkins-x/jx-client/pkg/config/install_requirements.go:656.45,659.2 2 0
github.com/jenkins-x/jx-client/pkg/config/install_requirements.go:662.64,665.16 3 1
github.com/jenkins-x/jx-client/pkg/config/install_requirements.go:668.2,669.16 2 1
github.com/jenkins-x/jx-client/pkg/config/install_requirements.go:673.2,673.16 1 1
github.com/jenkins-x/jx-client/pkg/config/install_requirements.go:688.2,688.12 1 1
github.com/jenkins-x/jx-client/pkg/config/install_requirements.go:665.16,667.3 1 0
github.com/jenkins-x/jx-client/pkg/config/install_requirements.go:669.16,671.3 1 0
github.com/jenkins-x/jx-client/pkg/config/install_requirements.go:673.16,678.17 3 1
github.com/jenkins-x/jx-client/pkg/config/install_requirements.go:682.3,683.17 2 1
github.com/jenkins-x/jx-client/pkg/config/install_requirements.go:678.17,680.4 1 0
github.com/jenkins-x/jx-client/pkg/config/install_requirements.go:683.17,685.4 1 0
github.com/jenkins-x/jx-client/pkg/config/install_requirements.go:695.104,696.50 1 1
github.com/jenkins-x/jx-client/pkg/config/install_requirements.go:716.2,716.12 1 1
github.com/jenkins-x/jx-client/pkg/config/install_requirements.go:696.50,697.45 1 1
github.com/jenkins-x/jx-client/pkg/config/install_requirements.go:697.45,700.20 3 1
github.com/jenkins-x/jx-client/pkg/config/install_requirements.go:713.4,713.14 1 1
github.com/jenkins-x/jx-client/pkg/config/install_requirements.go:700.20,701.25 1 1
github.com/jenkins-x/jx-client/pkg/config/install_requirements.go:711.5,711.32 1 1
github.com/jenkins-x/jx-client/pkg/config/install_requirements.go:701.25,702.22 1 1
github.com/jenkins-x/jx-client/pkg/config/install_requirements.go:702.22,704.7 1 1
github.com/jenkins-x/jx-client/pkg/config/install_requirements.go:704.12,706.21 2 1
github.com/jenkins-x/jx-client/pkg/config/install_requirements.go:706.21,708.8 1 0
github.com/jenkins-x/jx-client/pkg/config/install_requirements.go:724.100,726.16 2 1
github.com/jenkins-x/jx-client/pkg/config/install_requirements.go:729.2,730.16 2 1
github.com/jenkins-x/jx-client/pkg/config/install_requirements.go:733.2,733.12 1 1
github.com/jenkins-x/jx-client/pkg/config/install_requirements.go:726.16,728.3 1 0
github.com/jenkins-x/jx-client/pkg/config/install_requirements.go:730.16,732.3 1 0
github.com/jenkins-x/jx-client/pkg/config/install_requirements.go:738.70,740.37 2 0
github.com/jenkins-x/jx-client/pkg/config/install_requirements.go:754.2,754.15 1 0
github.com/jenkins-x/jx-client/pkg/config/install_requirements.go:740.37,742.14 2 0
github.com/jenkins-x/jx-client/pkg/config/install_requirements.go:746.3,747.17 2 0
github.com/jenkins-x/jx-client/pkg/config/install_requirements.go:742.14,744.12 2 0
github.com/jenkins-x/jx-client/pkg/config/install_requirements.go:747.17,750.4 2 0
github.com/jenkins-x/jx-client/pkg/config/install_requirements.go:750.9,752.4 1 0
github.com/jenkins-x/jx-client/pkg/config/install_requirements.go:758.83,759.37 1 0
github.com/jenkins-x/jx-client/pkg/config/install_requirements.go:764.2,764.58 1 0
github.com/jenkins-x/jx-client/pkg/config/install_requirements.go:759.37,760.22 1 0
github.com/jenkins-x/jx-client/pkg/config/install_requirements.go:760.22,762.4 1 0
github.com/jenkins-x/jx-client/pkg/config/install_requirements.go:768.70,770.14 2 0
github.com/jenkins-x/jx-client/pkg/config/install_requirements.go:773.2,773.15 1 0
github.com/jenkins-x/jx-client/pkg/config/install_requirements.go:770.14,772.3 1 0
github.com/jenkins-x/jx-client/pkg/config/install_requirements.go:777.53,780.2 2 0
github.com/jenkins-x/jx-client/pkg/config/install_requirements.go:782.64,783.25 1 0
github.com/jenkins-x/jx-client/pkg/config/install_requirements.go:783.25,785.10 2 0
github.com/jenkins-x/jx-client/pkg/config/install_requirements.go:785.10,787.4 1 0
github.com/jenkins-x/jx-client/pkg/config/install_requirements.go:792.65,794.2 1 0
github.com/jenkins-x/jx-client/pkg/config/install_requirements.go:797.77,798.16 1 0
github.com/jenkins-x/jx-client/pkg/config/install_requirements.go:813.2,813.19 1 0
github.com/jenkins-x/jx-client/pkg/config/install_requirements.go:798.16,799.21 1 0
github.com/jenkins-x/jx-client/pkg/config/install_requirements.go:799.21,801.4 1 0
github.com/jenkins-x/jx-client/pkg/config/install_requirements.go:801.9,801.29 1 0
github.com/jenkins-x/jx-client/pkg/config/install_requirements.go:801.29,803.4 1 0
github.com/jenkins-x/jx-client/pkg/config/install_requirements.go:803.9,805.4 1 0
github.com/jenkins-x/jx-client/pkg/config/install_requirements.go:806.8,808.19 1 0
github.com/jenkins-x/jx-client/pkg/config/install_requirements.go:808.19,810.4 1 0
github.com/jenkins-x/jx-client/pkg/config/install_requirements.go:817.44,818.31 1 1
github.com/jenkins-x/jx-client/pkg/config/install_requirements.go:821.2,821.31 1 1
github.com/jenkins-x/jx-client/pkg/config/install_requirements.go:824.2,824.29 1 1
github.com/jenkins-x/jx-client/pkg/config/install_requirements.go:827.2,827.29 1 1
github.com/jenkins-x/jx-client/pkg/config/install_requirements.go:830.2,830.40 1 1
github.com/jenkins-x/jx-client/pkg/config/install_requirements.go:833.2,833.34 1 1
github.com/jenkins-x/jx-client/pkg/config/install_requirements.go:841.2,841.24 1 1
github.com/jenkins-x/jx-client/pkg/config/install_requirements.go:818.31,820.3 1 1
github.com/jenkins-x/jx-client/pkg/config/install_requirements.go:821.31,823.3 1 1
github.com/jenkins-x/jx-client/pkg/config/install_requirements.go:824.29,826.3 1 1
github.com/jenkins-x/jx-client/pkg/config/install_requirements.go:827.29,829.3 1 1
github.com/jenkins-x/jx-client/pkg/config/install_requirements.go:830.40,832.3 1 1
github.com/jenkins-x/jx-client/pkg/config/install_requirements.go:833.34,834.98 1 0
github.com/jenkins-x/jx-client/pkg/config/install_requirements.go:834.98,836.4 1 0
github.com/jenkins-x/jx-client/pkg/config/install_requirements.go:836.10,839.4 0 0
github.com/jenkins-x/jx-client/pkg/config/install_requirements.go:841.24,843.3 1 1
github.com/jenkins-x/jx-client/pkg/config/install_requirements.go:846.50,847.24 1 1
github.com/jenkins-x/jx-client/pkg/config/install_requirements.go:853.2,853.34 1 1
github.com/jenkins-x/jx-client/pkg/config/install_requirements.go:847.24,849.3 1 0
github.com/jenkins-x/jx-client/pkg/config/install_requirements.go:849.8,851.3 1 1
github.com/jenkins-x/jx-client/pkg/config/install_requirements.go:853.34,855.3 1 0
github.com/jenkins-x/jx-client/pkg/config/install_requirements.go:855.8,857.3 1 1
github.com/jenkins-x/jx-client/pkg/config/install_requirements.go:862.48,863.41 1 1
github.com/jenkins-x/jx-client/pkg/config/install_requirements.go:868.2,868.14 1 1
github.com/jenkins-x/jx-client/pkg/config/install_requirements.go:863.41,864.42 1 1
github.com/jenkins-x/jx-client/pkg/config/install_requirements.go:864.42,866.4 1 1
github.com/jenkins-x/jx-client/pkg/config/install_requirements.go:872.123,875.16 2 1
github.com/jenkins-x/jx-client/pkg/config/install_requirements.go:879.2,879.45 1 1
github.com/jenkins-x/jx-client/pkg/config/install_requirements.go:882.2,882.41 1 1
github.com/jenkins-x/jx-client/pkg/config/install_requirements.go:885.2,885.38 1 1
github.com/jenkins-x/jx-client/pkg/config/install_requirements.go:888.2,888.49 1 1
github.com/jenkins-x/jx-client/pkg/config/install_requirements.go:891.2,891.42 1 1
github.com/jenkins-x/jx-client/pkg/config/install_requirements.go:894.2,894.45 1 1
github.com/jenkins-x/jx-client/pkg/config/install_requirements.go:897.2,898.11 2 1
github.com/jenkins-x/jx-client/pkg/config/install_requirements.go:905.2,906.11 2 1
github.com/jenkins-x/jx-client/pkg/config/install_requirements.go:913.2,913.63 1 1
github.com/jenkins-x/jx-client/pkg/config/install_requirements.go:916.2,916.43 1 1
github.com/jenkins-x/jx-client/pkg/config/install_requirements.go:919.2,919.57 1 1
github.com/jenkins-x/jx-client/pkg/config/install_requirements.go:922.2,922.50 1 1
github.com/jenkins-x/jx-client/pkg/config/install_requirements.go:925.2,925.46 1 1
github.com/jenkins-x/jx-client/pkg/config/install_requirements.go:928.2,928.49 1 1
github.com/jenkins-x/jx-client/pkg/config/install_requirements.go:931.2,931.53 1 1
github.com/jenkins-x/jx-client/pkg/config/install_requirements.go:939.2,939.58 1 1
github.com/jenkins-x/jx-client/pkg/config/install_requirements.go:942.2,942.58 1 1
github.com/jenkins-x/jx-client/pkg/config/install_requirements.go:950.2,950.51 1 1
github.com/jenkins-x/jx-client/pkg/config/install_requirements.go:953.2,953.58 1 1
github.com/jenkins-x/jx-client/pkg/config/install_requirements.go:956.2,956.49 1 1
github.com/jenkins-x/jx-client/pkg/config/install_requirements.go:959.2,959.54 1 1
github.com/jenkins-x/jx-client/pkg/config/install_requirements.go:973.2,973.40 1 1
github.com/jenkins-x/jx-client/pkg/config/install_requirements.go:979.2,979.44 1 1
github.com/jenkins-x/jx-client/pkg/config/install_requirements.go:983.2,983.41 1 1
github.com/jenkins-x/jx-client/pkg/config/install_requirements.go:987.2,987.54 1 1
github.com/jenkins-x/jx-client/pkg/config/install_requirements.go:994.2,994.52 1 1
github.com/jenkins-x/jx-client/pkg/config/install_requirements.go:1001.2,1001.55 1 1
github.com/jenkins-x/jx-client/pkg/config/install_requirements.go:1008.2,1008.58 1 1
github.com/jenkins-x/jx-client/pkg/config/install_requirements.go:1016.2,1016.50 1 1
github.com/jenkins-x/jx-client/pkg/config/install_requirements.go:1023.2,1024.11 2 1
github.com/jenkins-x/jx-client/pkg/config/install_requirements.go:1034.2,1034.43 1 1
github.com/jenkins-x/jx-client/pkg/config/install_requirements.go:1040.2,1040.49 1 1
github.com/jenkins-x/jx-client/pkg/config/install_requirements.go:1047.2,1047.33 1 1
github.com/jenkins-x/jx-client/pkg/config/install_requirements.go:1063.2,1063.48 1 1
github.com/jenkins-x/jx-client/pkg/config/install_requirements.go:875.16,877.3 1 0
github.com/jenkins-x/jx-client/pkg/config/install_requirements.go:879.45,881.3 1 0
github.com/jenkins-x/jx-client/pkg/config/install_requirements.go:882.41,884.3 1 0
github.com/jenkins-x/jx-client/pkg/config/install_requirements.go:885.38,887.3 1 0
github.com/jenkins-x/jx-client/pkg/config/install_requirements.go:888.49,890.3 1 0
github.com/jenkins-x/jx-client/pkg/config/install_requirements.go:891.42,893.3 1 0
github.com/jenkins-x/jx-client/pkg/config/install_requirements.go:894.45,896.3 1 0
github.com/jenkins-x/jx-client/pkg/config/install_requirements.go:898.11,899.35 1 0
github.com/jenkins-x/jx-client/pkg/config/install_requirements.go:899.35,901.4 1 0
github.com/jenkins-x/jx-client/pkg/config/install_requirements.go:901.9,903.4 1 0
github.com/jenkins-x/jx-client/pkg/config/install_requirements.go:906.11,907.35 1 0
github.com/jenkins-x/jx-client/pkg/config/install_requirements.go:907.35,909.4 1 0
github.com/jenkins-x/jx-client/pkg/config/install_requirements.go:909.9,911.4 1 0
github.com/jenkins-x/jx-client/pkg/config/install_requirements.go:913.63,915.3 1 0
github.com/jenkins-x/jx-client/pkg/config/install_requirements.go:916.43,918.3 1 0
github.com/jenkins-x/jx-client/pkg/config/install_requirements.go:919.57,921.3 1 0
github.com/jenkins-x/jx-client/pkg/config/install_requirements.go:922.50,924.3 1 0
github.com/jenkins-x/jx-client/pkg/config/install_requirements.go:925.46,927.3 1 0
github.com/jenkins-x/jx-client/pkg/config/install_requirements.go:928.49,930.3 1 0
github.com/jenkins-x/jx-client/pkg/config/install_requirements.go:931.53,933.30 2 0
github.com/jenkins-x/jx-client/pkg/config/install_requirements.go:933.30,935.4 1 0
github.com/jenkins-x/jx-client/pkg/config/install_requirements.go:935.9,937.4 1 0
github.com/jenkins-x/jx-client/pkg/config/install_requirements.go:939.58,941.3 1 0
github.com/jenkins-x/jx-client/pkg/config/install_requirements.go:942.58,944.29 2 0
github.com/jenkins-x/jx-client/pkg/config/install_requirements.go:944.29,946.4 1 0
github.com/jenkins-x/jx-client/pkg/config/install_requirements.go:946.9,948.4 1 0
github.com/jenkins-x/jx-client/pkg/config/install_requirements.go:950.51,952.3 1 0
github.com/jenkins-x/jx-client/pkg/config/install_requirements.go:953.58,955.3 1 0
github.com/jenkins-x/jx-client/pkg/config/install_requirements.go:956.49,958.3 1 0
github.com/jenkins-x/jx-client/pkg/config/install_requirements.go:959.54,961.35 2 0
github.com/jenkins-x/jx-client/pkg/config/install_requirements.go:961.35,963.37 2 0
github.com/jenkins-x/jx-client/pkg/config/install_requirements.go:963.37,965.5 1 0
github.com/jenkins-x/jx-client/pkg/config/install_requirements.go:966.9,968.37 2 0
github.com/jenkins-x/jx-client/pkg/config/install_requirements.go:968.37,970.5 1 0
github.com/jenkins-x/jx-client/pkg/config/install_requirements.go:973.40,975.28 2 0
github.com/jenkins-x/jx-client/pkg/config/install_requirements.go:975.28,977.4 1 0
github.com/jenkins-x/jx-client/pkg/config/install_requirements.go:979.44,982.3 2 0
github.com/jenkins-x/jx-client/pkg/config/install_requirements.go:983.41,986.3 2 0
github.com/jenkins-x/jx-client/pkg/config/install_requirements.go:987.54,989.83 2 0
github.com/jenkins-x/jx-client/pkg/config/install_requirements.go:989.83,992.4 2 0
github.com/jenkins-x/jx-client/pkg/config/install_requirements.go:994.52,996.79 2 0
github.com/jenkins-x/jx-client/pkg/config/install_requirements.go:996.79,999.4 2 0
github.com/jenkins-x/jx-client/pkg/config/install_requirements.go:1001.55,1003.85 2 0
github.com/jenkins-x/jx-client/pkg/config/install_requirements.go:1003.85,1006.4 2 0
github.com/jenkins-x/jx-client/pkg/config/install_requirements.go:1008.58,1010.91 2 0
github.com/jenkins-x/jx-client/pkg/config/install_requirements.go:1010.91,1013.4 2 0
github.com/jenkins-x/jx-client/pkg/config/install_requirements.go:1016.50,1017.33 1 0
github.com/jenkins-x/jx-client/pkg/config/install_requirements.go:1021.3,1021.77 1 0
github.com/jenkins-x/jx-client/pkg/config/install_requirements.go:1017.33,1019.4 1 0
github.com/jenkins-x/jx-client/pkg/config/install_requirements.go:1024.11,1025.25 1 0
github.com/jenkins-x/jx-client/pkg/config/install_requirements.go:1028.3,1028.31 1 0
github.com/jenkins-x/jx-client/pkg/config/install_requirements.go:1025.25,1027.4 1 0
github.com/jenkins-x/jx-client/pkg/config/install_requirements.go:1028.31,1030.4 1 0
github.com/jenkins-x/jx-client/pkg/config/install_requirements.go:1030.9,1032.4 1 0
github.com/jenkins-x/jx-client/pkg/config/install_requirements.go:1034.43,1035.25 1 0
github.com/jenkins-x/jx-client/pkg/config/install_requirements.go:1038.3,1038.52 1 0
github.com/jenkins-x/jx-client/pkg/config/install_requirements.go:1035.25,1037.4 1 0
github.com/jenkins-x/jx-client/pkg/config/install_requirements.go:1040.49,1042.61 2 0
github.com/jenkins-x/jx-client/pkg/config/install_requirements.go:1042.61,1044.4 1 0
github.com/jenkins-x/jx-client/pkg/config/install_requirements.go:1047.33,1048.33 1 1
github.com/jenkins-x/jx-client/pkg/config/install_requirements.go:1052.3,1052.46 1 1
github.com/jenkins-x/jx-client/pkg/config/install_requirements.go:1048.33,1050.4 1 0
github.com/jenkins-x/jx-client/pkg/config/install_requirements.go:1052.46,1053.31 1 0
github.com/jenkins-x/jx-client/pkg/config/install_requirements.go:1053.31,1055.19 2 0
github.com/jenkins-x/jx-client/pkg/config/install_requirements.go:1058.5,1058.54 1 0
github.com/jenkins-x/jx-client/pkg/config/install_requirements.go:1055.19,1057.6 1 0
github.com/jenkins-x/jx-client/pkg/config/install_requirements.go:1063.48,1065.3 1 0
github.com/jenkins-x/jx-client/pkg/config/install_requirements.go:1069.39,1071.2 1 0
github.com/jenkins-x/jx-client/pkg/apis/jenkins.io/v1/types_pipeline.go:212.49,214.2 1 0
github.com/jenkins-x/jx-client/pkg/apis/jenkins.io/v1/types_pipeline.go:216.45,218.2 1 0
github.com/jenkins-x/jx-client/pkg/apis/jenkins.io/v1/types_pipeline.go:221.52,226.38 4 0
github.com/jenkins-x/jx-client/pkg/apis/jenkins.io/v1/types_pipeline.go:230.2,230.17 1 0
github.com/jenkins-x/jx-client/pkg/apis/jenkins.io/v1/types_pipeline.go:226.38,229.3 2 0
github.com/jenkins-x/jx-client/pkg/apis/jenkins.io/v1/types_pipeline.go:234.53,239.39 4 0
github.com/jenkins-x/jx-client/pkg/apis/jenkins.io/v1/types_pipeline.go:243.2,243.18 1 0
github.com/jenkins-x/jx-client/pkg/apis/jenkins.io/v1/types_pipeline.go:239.39,242.3 2 0
github.com/jenkins-x/jx-client/pkg/apis/jenkins.io/v1/types_pipeline.go:247.48,249.24 2 0
github.com/jenkins-x/jx-client/pkg/apis/jenkins.io/v1/types_pipeline.go:252.2,255.15 4 0
github.com/jenkins-x/jx-client/pkg/apis/jenkins.io/v1/types_pipeline.go:249.24,251.3 1 0
github.com/jenkins-x/jx-client/pkg/apis/jenkins.io/v1/types_pipeline.go:259.77,262.37 2 0
github.com/jenkins-x/jx-client/pkg/apis/jenkins.io/v1/types_pipeline.go:271.2,271.18 1 0
github.com/jenkins-x/jx-client/pkg/apis/jenkins.io/v1/types_pipeline.go:262.37,263.68 1 0
github.com/jenkins-x/jx-client/pkg/apis/jenkins.io/v1/types_pipeline.go:263.68,264.59 1 0
github.com/jenkins-x/jx-client/pkg/apis/jenkins.io/v1/types_pipeline.go:267.4,267.91 1 0
github.com/jenkins-x/jx-client/pkg/apis/jenkins.io/v1/types_pipeline.go:264.59,266.5 1 0
github.com/jenkins-x/jx-client/pkg/apis/jenkins.io/v1/types_extensions.go:203.52,205.16 2 0
github.com/jenkins-x/jx-client/pkg/apis/jenkins.io/v1/types_extensions.go:208.2,209.16 2 0
github.com/jenkins-x/jx-client/pkg/apis/jenkins.io/v1/types_extensions.go:212.2,213.16 2 0
github.com/jenkins-x/jx-client/pkg/apis/jenkins.io/v1/types_extensions.go:216.2,217.16 2 0
github.com/jenkins-x/jx-client/pkg/apis/jenkins.io/v1/types_extensions.go:220.2,223.43 4 0
github.com/jenkins-x/jx-client/pkg/apis/jenkins.io/v1/types_extensions.go:226.2,232.16 4 0
github.com/jenkins-x/jx-client/pkg/apis/jenkins.io/v1/types_extensions.go:235.2,235.12 1 0
github.com/jenkins-x/jx-client/pkg/apis/jenkins.io/v1/types_extensions.go:205.16,207.3 1 0
github.com/jenkins-x/jx-client/pkg/apis/jenkins.io/v1/types_extensions.go:209.16,211.3 1 0
github.com/jenkins-x/jx-client/pkg/apis/jenkins.io/v1/types_extensions.go:213.16,215.3 1 0
github.com/jenkins-x/jx-client/pkg/apis/jenkins.io/v1/types_extensions.go:217.16,219.3 1 0
github.com/jenkins-x/jx-client/pkg/apis/jenkins.io/v1/types_extensions.go:223.43,225.3 1 0
github.com/jenkins-x/jx-client/pkg/apis/jenkins.io/v1/types_extensions.go:232.16,234.3 1 0
github.com/jenkins-x/jx-client/pkg/apis/jenkins.io/v1/types_extensions.go:238.97,240.16 2 0
github.com/jenkins-x/jx-client/pkg/apis/jenkins.io/v1/types_extensions.go:243.2,244.16 2 0
github.com/jenkins-x/jx-client/pkg/apis/jenkins.io/v1/types_extensions.go:247.2,248.16 2 0
github.com/jenkins-x/jx-client/pkg/apis/jenkins.io/v1/types_extensions.go:251.2,251.12 1 0
github.com/jenkins-x/jx-client/pkg/apis/jenkins.io/v1/types_extensions.go:240.16,242.3 1 0
github.com/jenkins-x/jx-client/pkg/apis/jenkins.io/v1/types_extensions.go:244.16,246.3 1 0
github.com/jenkins-x/jx-client/pkg/apis/jenkins.io/v1/types_extensions.go:248.16,250.3 1 0
github.com/jenkins-x/jx-client/pkg/apis/jenkins.io/v1/types_extensions.go:254.85,256.16 2 0
github.com/jenkins-x/jx-client/pkg/apis/jenkins.io/v1/types_extensions.go:259.2,260.16 2 0
github.com/jenkins-x/jx-client/pkg/apis/jenkins.io/v1/types_extensions.go:263.2,264.16 2 0
github.com/jenkins-x/jx-client/pkg/apis/jenkins.io/v1/types_extensions.go:267.2,267.12 1 0
github.com/jenkins-x/jx-client/pkg/apis/jenkins.io/v1/types_extensions.go:256.16,258.3 1 0
github.com/jenkins-x/jx-client/pkg/apis/jenkins.io/v1/types_extensions.go:260.16,262.3 1 0
github.com/jenkins-x/jx-client/pkg/apis/jenkins.io/v1/types_extensions.go:264.16,266.3 1 0
github.com/jenkins-x/jx-client/pkg/apis/jenkins.io/v1/types_extensions.go:270.65,272.2 1 0
github.com/jenkins-x/jx-client/pkg/apis/jenkins.io/v1/types_extensions.go:274.70,276.2 1 0
github.com/jenkins-x/jx-client/pkg/apis/jenkins.io/v1/types_extensions.go:278.79,280.2 1 0
github.com/jenkins-x/jx-client/pkg/apis/jenkins.io/v1/types_extensions.go:282.84,284.2 1 0
github.com/jenkins-x/jx-client/pkg/apis/jenkins.io/v1/types_extensions.go:286.59,288.2 1 0
github.com/jenkins-x/jx-client/pkg/apis/jenkins.io/v1/types_extensions.go:290.64,292.2 1 0
github.com/jenkins-x/jx-client/pkg/apis/jenkins.io/v1/types_extensions.go:294.61,296.2 1 0
github.com/jenkins-x/jx-client/pkg/apis/jenkins.io/v1/types_extensions.go:298.66,300.2 1 0
github.com/jenkins-x/jx-client/pkg/apis/jenkins.io/v1/types_extensions.go:302.64,304.2 1 0
github.com/jenkins-x/jx-client/pkg/apis/jenkins.io/v1/types_extensions.go:306.69,308.2 1 0
github.com/jenkins-x/jx-client/pkg/apis/jenkins.io/v1/types_extensions.go:310.115,312.16 2 0
github.com/jenkins-x/jx-client/pkg/apis/jenkins.io/v1/types_extensions.go:315.2,316.16 2 0
github.com/jenkins-x/jx-client/pkg/apis/jenkins.io/v1/types_extensions.go:319.2,320.16 2 0
github.com/jenkins-x/jx-client/pkg/apis/jenkins.io/v1/types_extensions.go:323.2,323.30 1 0
github.com/jenkins-x/jx-client/pkg/apis/jenkins.io/v1/types_extensions.go:312.16,314.3 1 0
github.com/jenkins-x/jx-client/pkg/apis/jenkins.io/v1/types_extensions.go:316.16,318.3 1 0
github.com/jenkins-x/jx-client/pkg/apis/jenkins.io/v1/types_extensions.go:320.16,322.3 1 0
github.com/jenkins-x/jx-client/pkg/apis/jenkins.io/v1/types_extensions.go:326.171,328.16 2 0
github.com/jenkins-x/jx-client/pkg/apis/jenkins.io/v1/types_extensions.go:339.2,343.16 4 0
github.com/jenkins-x/jx-client/pkg/apis/jenkins.io/v1/types_extensions.go:346.2,346.34 1 0
github.com/jenkins-x/jx-client/pkg/apis/jenkins.io/v1/types_extensions.go:328.16,335.17 2 0
github.com/jenkins-x/jx-client/pkg/apis/jenkins.io/v1/types_extensions.go:335.17,337.4 1 0
github.com/jenkins-x/jx-client/pkg/apis/jenkins.io/v1/types_extensions.go:343.16,345.3 1 0
github.com/jenkins-x/jx-client/pkg/apis/jenkins.io/v1/types_extensions.go:349.39,351.2 1 0
github.com/jenkins-x/jx-client/pkg/apis/jenkins.io/v1/types_extensions.go:353.46,355.2 1 0
github.com/jenkins-x/jx-client/pkg/apis/jenkins.io/v1/types_extensions.go:357.59,358.27 1 0
github.com/jenkins-x/jx-client/pkg/apis/jenkins.io/v1/types_extensions.go:363.2,363.14 1 0
github.com/jenkins-x/jx-client/pkg/apis/jenkins.io/v1/types_extensions.go:358.27,359.16 1 0
github.com/jenkins-x/jx-client/pkg/apis/jenkins.io/v1/types_extensions.go:359.16,361.4 1 0
github.com/jenkins-x/jx-client/pkg/apis/jenkins.io/v1/types_extensions.go:490.42,497.2 5 0
github.com/jenkins-x/jx-client/pkg/apis/jenkins.io/v1/types_workflow.go:95.45,97.2 1 0
github.com/jenkins-x/jx-client/pkg/apis/jenkins.io/v1/types_environment.go:157.49,158.11 1 0
github.com/jenkins-x/jx-client/pkg/apis/jenkins.io/v1/types_environment.go:159.84,160.15 1 0
github.com/jenkins-x/jx-client/pkg/apis/jenkins.io/v1/types_environment.go:161.10,162.14 1 0
github.com/jenkins-x/jx-client/pkg/apis/jenkins.io/v1/types_environment.go:349.84,350.42 1 0
github.com/jenkins-x/jx-client/pkg/apis/jenkins.io/v1/types_environment.go:355.2,355.37 1 0
github.com/jenkins-x/jx-client/pkg/apis/jenkins.io/v1/types_environment.go:350.42,351.34 1 0
github.com/jenkins-x/jx-client/pkg/apis/jenkins.io/v1/types_environment.go:351.34,353.4 1 0
github.com/jenkins-x/jx-client/pkg/apis/jenkins.io/v1/types_environment.go:359.75,360.42 1 0
github.com/jenkins-x/jx-client/pkg/apis/jenkins.io/v1/types_environment.go:365.2,369.27 3 0
github.com/jenkins-x/jx-client/pkg/apis/jenkins.io/v1/types_environment.go:360.42,361.34 1 0
github.com/jenkins-x/jx-client/pkg/apis/jenkins.io/v1/types_environment.go:361.34,363.4 1 0
github.com/jenkins-x/jx-client/pkg/apis/jenkins.io/v1/types_environment.go:373.87,375.42 2 0
github.com/jenkins-x/jx-client/pkg/apis/jenkins.io/v1/types_environment.go:381.2,381.58 1 0
github.com/jenkins-x/jx-client/pkg/apis/jenkins.io/v1/types_environment.go:375.42,376.34 1 0
github.com/jenkins-x/jx-client/pkg/apis/jenkins.io/v1/types_environment.go:376.34,379.4 2 0
github.com/jenkins-x/jx-client/pkg/apis/jenkins.io/v1/types_environment.go:385.55,386.32 1 0
github.com/jenkins-x/jx-client/pkg/apis/jenkins.io/v1/types_environment.go:393.2,393.21 1 0
github.com/jenkins-x/jx-client/pkg/apis/jenkins.io/v1/types_environment.go:386.32,387.30 1 0
github.com/jenkins-x/jx-client/pkg/apis/jenkins.io/v1/types_environment.go:387.30,389.4 1 0
github.com/jenkins-x/jx-client/pkg/apis/jenkins.io/v1/types_environment.go:389.9,391.4 1 0
github.com/jenkins-x/jx-client/pkg/apis/jenkins.io/v1/types_environment.go:397.55,398.32 1 0
github.com/jenkins-x/jx-client/pkg/apis/jenkins.io/v1/types_environment.go:401.2,401.21 1 0
github.com/jenkins-x/jx-client/pkg/apis/jenkins.io/v1/types_environment.go:398.32,400.3 1 0
github.com/jenkins-x/jx-client/pkg/apis/jenkins.io/v1/types_environment.go:405.55,406.32 1 0
github.com/jenkins-x/jx-client/pkg/apis/jenkins.io/v1/types_environment.go:409.2,409.21 1 0
github.com/jenkins-x/jx-client/pkg/apis/jenkins.io/v1/types_environment.go:406.32,408.3 1 0
github.com/jenkins-x/jx-client/pkg/apis/jenkins.io/v1/types_environment.go:413.57,414.28 1 0
github.com/jenkins-x/jx-client/pkg/apis/jenkins.io/v1/types_environment.go:417.2,417.24 1 0
github.com/jenkins-x/jx-client/pkg/apis/jenkins.io/v1/types_environment.go:414.28,416.3 1 0
github.com/jenkins-x/jx-client/pkg/apis/jenkins.io/v1/types_environment.go:421.47,422.26 1 0
github.com/jenkins-x/jx-client/pkg/apis/jenkins.io/v1/types_environment.go:425.2,425.26 1 0
github.com/jenkins-x/jx-client/pkg/apis/jenkins.io/v1/types_environment.go:430.2,432.19 3 0
github.com/jenkins-x/jx-client/pkg/apis/jenkins.io/v1/types_environment.go:422.26,424.3 1 0
github.com/jenkins-x/jx-client/pkg/apis/jenkins.io/v1/types_environment.go:425.26,427.3 1 0
github.com/jenkins-x/jx-client/pkg/apis/jenkins.io/v1/types_environment.go:436.51,438.2 1 0
github.com/jenkins-x/jx-client/pkg/apis/jenkins.io/v1/types_environment.go:442.47,444.2 1 0
github.com/jenkins-x/jx-client/pkg/apis/jenkins.io/v1/types_environment.go:447.38,449.2 1 0
github.com/jenkins-x/jx-client/pkg/apis/jenkins.io/v1/types_environment.go:452.57,461.51 3 1
github.com/jenkins-x/jx-client/pkg/apis/jenkins.io/v1/types_environment.go:465.2,467.16 3 1
github.com/jenkins-x/jx-client/pkg/apis/jenkins.io/v1/types_environment.go:471.2,474.35 3 1
github.com/jenkins-x/jx-client/pkg/apis/jenkins.io/v1/types_environment.go:478.2,478.19 1 1
github.com/jenkins-x/jx-client/pkg/apis/jenkins.io/v1/types_environment.go:487.2,487.12 1 1
github.com/jenkins-x/jx-client/pkg/apis/jenkins.io/v1/types_environment.go:461.51,463.3 1 0
github.com/jenkins-x/jx-client/pkg/apis/jenkins.io/v1/types_environment.go:467.16,469.3 1 0
github.com/jenkins-x/jx-client/pkg/apis/jenkins.io/v1/types_environment.go:474.35,476.3 1 1
github.com/jenkins-x/jx-client/pkg/apis/jenkins.io/v1/types_environment.go:478.19,481.30 3 1
github.com/jenkins-x/jx-client/pkg/apis/jenkins.io/v1/types_environment.go:481.30,483.4 1 1
github.com/jenkins-x/jx-client/pkg/apis/jenkins.io/v1/types_environment.go:483.9,485.4 1 1
github.com/jenkins-x/jx-client/pkg/apis/jenkins.io/v1/types_environment.go:492.53,495.2 2 0
github.com/jenkins-x/jx-client/pkg/apis/jenkins.io/v1/types_environment.go:498.47,500.2 1 0
github.com/jenkins-x/jx-client/pkg/apis/jenkins.io/v1/types_environment.go:503.42,505.2 1 0
github.com/jenkins-x/jx-client/pkg/apis/jenkins.io/v1/types_environment.go:508.48,509.20 1 0
github.com/jenkins-x/jx-client/pkg/apis/jenkins.io/v1/types_environment.go:512.2,512.23 1 0
github.com/jenkins-x/jx-client/pkg/apis/jenkins.io/v1/types_environment.go:515.2,515.27 1 0
github.com/jenkins-x/jx-client/pkg/apis/jenkins.io/v1/types_environment.go:509.20,511.3 1 0
github.com/jenkins-x/jx-client/pkg/apis/jenkins.io/v1/types_environment.go:512.23,514.3 1 0
github.com/jenkins-x/jx-client/pkg/apis/jenkins.io/v1/types_environment.go:519.49,521.18 2 0
github.com/jenkins-x/jx-client/pkg/apis/jenkins.io/v1/types_environment.go:524.2,524.15 1 0
github.com/jenkins-x/jx-client/pkg/apis/jenkins.io/v1/types_environment.go:521.18,523.3 1 0
github.com/jenkins-x/jx-client/pkg/apis/jenkins.io/v1/types_release.go:104.40,107.2 2 0
github.com/jenkins-x/jx-client/pkg/apis/jenkins.io/v1/types_release.go:166.51,168.2 1 0
github.com/jenkins-x/jx-client/pkg/apis/jenkins.io/v1/types_users.go:66.37,67.25 1 0
github.com/jenkins-x/jx-client/pkg/apis/jenkins.io/v1/types_users.go:70.2,70.22 1 0
github.com/jenkins-x/jx-client/pkg/apis/jenkins.io/v1/types_users.go:67.25,69.3 1 0
github.com/jenkins-x/jx-client/pkg/apis/jenkins.io/v1/types_users.go:74.47,77.16 3 0
github.com/jenkins-x/jx-client/pkg/apis/jenkins.io/v1/types_users.go:80.2,81.8 2 0
github.com/jenkins-x/jx-client/pkg/apis/jenkins.io/v1/types_users.go:87.2,88.8 2 0
github.com/jenkins-x/jx-client/pkg/apis/jenkins.io/v1/types_users.go:94.2,95.8 2 0
github.com/jenkins-x/jx-client/pkg/apis/jenkins.io/v1/types_users.go:101.2,103.22 3 0
github.com/jenkins-x/jx-client/pkg/apis/jenkins.io/v1/types_users.go:137.2,137.12 1 0
github.com/jenkins-x/jx-client/pkg/apis/jenkins.io/v1/types_users.go:77.16,79.3 1 0
github.com/jenkins-x/jx-client/pkg/apis/jenkins.io/v1/types_users.go:81.8,83.17 2 0
github.com/jenkins-x/jx-client/pkg/apis/jenkins.io/v1/types_users.go:83.17,85.4 1 0
github.com/jenkins-x/jx-client/pkg/apis/jenkins.io/v1/types_users.go:88.8,90.17 2 0
github.com/jenkins-x/jx-client/pkg/apis/jenkins.io/v1/types_users.go:90.17,92.4 1 0
github.com/jenkins-x/jx-client/pkg/apis/jenkins.io/v1/types_users.go:95.8,97.17 2 0
github.com/jenkins-x/jx-client/pkg/apis/jenkins.io/v1/types_users.go:97.17,99.4 1 0
github.com/jenkins-x/jx-client/pkg/apis/jenkins.io/v1/types_users.go:103.22,107.17 3 0
github.com/jenkins-x/jx-client/pkg/apis/jenkins.io/v1/types_users.go:110.3,111.17 2 0
github.com/jenkins-x/jx-client/pkg/apis/jenkins.io/v1/types_users.go:114.3,115.18 2 0
github.com/jenkins-x/jx-client/pkg/apis/jenkins.io/v1/types_users.go:107.17,109.4 1 0
github.com/jenkins-x/jx-client/pkg/apis/jenkins.io/v1/types_users.go:111.17,113.4 1 0
github.com/jenkins-x/jx-client/pkg/apis/jenkins.io/v1/types_users.go:116.8,116.30 1 0
github.com/jenkins-x/jx-client/pkg/apis/jenkins.io/v1/types_users.go:116.30,119.17 2 0
github.com/jenkins-x/jx-client/pkg/apis/jenkins.io/v1/types_users.go:122.3,123.17 2 0
github.com/jenkins-x/jx-client/pkg/apis/jenkins.io/v1/types_users.go:119.17,121.4 1 0
github.com/jenkins-x/jx-client/pkg/apis/jenkins.io/v1/types_users.go:123.17,125.4 1 0
github.com/jenkins-x/jx-client/pkg/apis/jenkins.io/v1/types_users.go:126.8,126.19 1 0
github.com/jenkins-x/jx-client/pkg/apis/jenkins.io/v1/types_users.go:126.19,129.17 2 0
github.com/jenkins-x/jx-client/pkg/apis/jenkins.io/v1/types_users.go:132.3,133.17 2 0
github.com/jenkins-x/jx-client/pkg/apis/jenkins.io/v1/types_users.go:129.17,131.4 1 0
github.com/jenkins-x/jx-client/pkg/apis/jenkins.io/v1/types_users.go:133.17,135.4 1 0
github.com/jenkins-x/jx-client/pkg/apis/jenkins.io/v1/register.go:16.41,18.2 1 0
github.com/jenkins-x/jx-client/pkg/apis/jenkins.io/v1/register.go:21.53,23.2 1 0
github.com/jenkins-x/jx-client/pkg/apis/jenkins.io/v1/register.go:32.13,37.2 1 1
github.com/jenkins-x/jx-client/pkg/apis/jenkins.io/v1/register.go:40.50,81.2 3 0
github.com/jenkins-x/jx-client/pkg/apis/jenkins.io/v1/types_pipelinestructure.go:57.76,58.30 1 0
github.com/jenkins-x/jx-client/pkg/apis/jenkins.io/v1/types_pipelinestructure.go:64.2,64.12 1 0
github.com/jenkins-x/jx-client/pkg/apis/jenkins.io/v1/types_pipelinestructure.go:58.30,59.21 1 0
github.com/jenkins-x/jx-client/pkg/apis/jenkins.io/v1/types_pipelinestructure.go:59.21,61.4 1 0
github.com/jenkins-x/jx-client/pkg/apis/jenkins.io/v1/types_pipelinestructure.go:76.84,79.30 2 0
github.com/jenkins-x/jx-client/pkg/apis/jenkins.io/v1/types_pipelinestructure.go:88.2,88.15 1 0
github.com/jenkins-x/jx-client/pkg/apis/jenkins.io/v1/types_pipelinestructure.go:79.30,80.19 1 0
github.com/jenkins-x/jx-client/pkg/apis/jenkins.io/v1/types_pipelinestructure.go:80.19,82.18 2 0
github.com/jenkins-x/jx-client/pkg/apis/jenkins.io/v1/types_pipelinestructure.go:82.18,84.5 1 0
github.com/jenkins-x/jx-client/pkg/apis/jenkins.io/v1/types_pipelinestructure.go:92.89,94.18 2 0
github.com/jenkins-x/jx-client/pkg/apis/jenkins.io/v1/types_pipelinestructure.go:114.2,114.12 1 0
github.com/jenkins-x/jx-client/pkg/apis/jenkins.io/v1/types_pipelinestructure.go:94.18,98.36 2 0
github.com/jenkins-x/jx-client/pkg/apis/jenkins.io/v1/types_pipelinestructure.go:104.3,104.34 1 0
github.com/jenkins-x/jx-client/pkg/apis/jenkins.io/v1/types_pipelinestructure.go:111.3,111.13 1 0
github.com/jenkins-x/jx-client/pkg/apis/jenkins.io/v1/types_pipelinestructure.go:98.36,100.23 2 0
github.com/jenkins-x/jx-client/pkg/apis/jenkins.io/v1/types_pipelinestructure.go:100.23,102.5 1 0
github.com/jenkins-x/jx-client/pkg/apis/jenkins.io/v1/types_pipelinestructure.go:104.34,106.23 2 0
github.com/jenkins-x/jx-client/pkg/apis/jenkins.io/v1/types_pipelinestructure.go:106.23,108.5 1 0
github.com/jenkins-x/jx-client/pkg/apis/jenkins.io/v1/types_pipelinestructure.go:118.79,121.30 2 0
github.com/jenkins-x/jx-client/pkg/apis/jenkins.io/v1/types_pipelinestructure.go:126.2,126.15 1 0
github.com/jenkins-x/jx-client/pkg/apis/jenkins.io/v1/types_pipelinestructure.go:121.30,122.49 1 0
github.com/jenkins-x/jx-client/pkg/apis/jenkins.io/v1/types_pipelinestructure.go:122.49,124.4 1 0
github.com/jenkins-x/jx-client/pkg/apis/jenkins.io/v1/zz_generated.deepcopy.go:17.65,20.2 2 0
github.com/jenkins-x/jx-client/pkg/apis/jenkins.io/v1/zz_generated.deepcopy.go:23.58,24.15 1 0
github.com/jenkins-x/jx-client/pkg/apis/jenkins.io/v1/zz_generated.deepcopy.go:27.2,29.12 3 0
github.com/jenkins-x/jx-client/pkg/apis/jenkins.io/v1/zz_generated.deepcopy.go:24.15,26.3 1 0
github.com/jenkins-x/jx-client/pkg/apis/jenkins.io/v1/zz_generated.deepcopy.go:33.39,39.2 5 0
github.com/jenkins-x/jx-client/pkg/apis/jenkins.io/v1/zz_generated.deepcopy.go:42.32,43.15 1 0
github.com/jenkins-x/jx-client/pkg/apis/jenkins.io/v1/zz_generated.deepcopy.go:46.2,48.12 3 0
github.com/jenkins-x/jx-client/pkg/apis/jenkins.io/v1/zz_generated.deepcopy.go:43.15,45.3 1 0
github.com/jenkins-x/jx-client/pkg/apis/jenkins.io/v1/zz_generated.deepcopy.go:52.48,53.34 1 0
github.com/jenkins-x/jx-client/pkg/apis/jenkins.io/v1/zz_generated.deepcopy.go:56.2,56.12 1 0
github.com/jenkins-x/jx-client/pkg/apis/jenkins.io/v1/zz_generated.deepcopy.go:53.34,55.3 1 0
github.com/jenkins-x/jx-client/pkg/apis/jenkins.io/v1/zz_generated.deepcopy.go:60.47,64.21 4 0
github.com/jenkins-x/jx-client/pkg/apis/jenkins.io/v1/zz_generated.deepcopy.go:71.2,71.8 1 0
github.com/jenkins-x/jx-client/pkg/apis/jenkins.io/v1/zz_generated.deepcopy.go:64.21,67.22 3 0
github.com/jenkins-x/jx-client/pkg/apis/jenkins.io/v1/zz_generated.deepcopy.go:67.22,69.4 1 0
github.com/jenkins-x/jx-client/pkg/apis/jenkins.io/v1/zz_generated.deepcopy.go:75.40,76.15 1 0
github.com/jenkins-x/jx-client/pkg/apis/jenkins.io/v1/zz_generated.deepcopy.go:79.2,81.12 3 0
github.com/jenkins-x/jx-client/pkg/apis/jenkins.io/v1/zz_generated.deepcopy.go:76.15,78.3 1 0
github.com/jenkins-x/jx-client/pkg/apis/jenkins.io/v1/zz_generated.deepcopy.go:85.52,86.34 1 0
github.com/jenkins-x/jx-client/pkg/apis/jenkins.io/v1/zz_generated.deepcopy.go:89.2,89.12 1 0
github.com/jenkins-x/jx-client/pkg/apis/jenkins.io/v1/zz_generated.deepcopy.go:86.34,88.3 1 0
github.com/jenkins-x/jx-client/pkg/apis/jenkins.io/v1/zz_generated.deepcopy.go:93.47,95.34 2 0
github.com/jenkins-x/jx-client/pkg/apis/jenkins.io/v1/zz_generated.deepcopy.go:100.2,100.38 1 0
github.com/jenkins-x/jx-client/pkg/apis/jenkins.io/v1/zz_generated.deepcopy.go:105.2,105.33 1 0
github.com/jenkins-x/jx-client/pkg/apis/jenkins.io/v1/zz_generated.deepcopy.go:110.2,110.8 1 0
github.com/jenkins-x/jx-client/pkg/apis/jenkins.io/v1/zz_generated.deepcopy.go:95.34,99.3 3 0
github.com/jenkins-x/jx-client/pkg/apis/jenkins.io/v1/zz_generated.deepcopy.go:100.38,104.3 3 0
github.com/jenkins-x/jx-client/pkg/apis/jenkins.io/v1/zz_generated.deepcopy.go:105.33,109.3 3 0
github.com/jenkins-x/jx-client/pkg/apis/jenkins.io/v1/zz_generated.deepcopy.go:114.40,115.15 1 0
github.com/jenkins-x/jx-client/pkg/apis/jenkins.io/v1/zz_generated.deepcopy.go:118.2,120.12 3 0
github.com/jenkins-x/jx-client/pkg/apis/jenkins.io/v1/zz_generated.deepcopy.go:115.15,117.3 1 0
github.com/jenkins-x/jx-client/pkg/apis/jenkins.io/v1/zz_generated.deepcopy.go:124.47,126.29 2 0
github.com/jenkins-x/jx-client/pkg/apis/jenkins.io/v1/zz_generated.deepcopy.go:131.2,131.35 1 0
github.com/jenkins-x/jx-client/pkg/apis/jenkins.io/v1/zz_generated.deepcopy.go:136.2,136.33 1 0
github.com/jenkins-x/jx-client/pkg/apis/jenkins.io/v1/zz_generated.deepcopy.go:141.2,141.33 1 0
github.com/jenkins-x/jx-client/pkg/apis/jenkins.io/v1/zz_generated.deepcopy.go:146.2,146.8 1 0
github.com/jenkins-x/jx-client/pkg/apis/jenkins.io/v1/zz_generated.deepcopy.go:126.29,130.3 3 0
github.com/jenkins-x/jx-client/pkg/apis/jenkins.io/v1/zz_generated.deepcopy.go:131.35,135.3 3 0
github.com/jenkins-x/jx-client/pkg/apis/jenkins.io/v1/zz_generated.deepcopy.go:136.33,140.3 3 0
github.com/jenkins-x/jx-client/pkg/apis/jenkins.io/v1/zz_generated.deepcopy.go:141.33,145.3 3 0
github.com/jenkins-x/jx-client/pkg/apis/jenkins.io/v1/zz_generated.deepcopy.go:150.40,151.15 1 0
github.com/jenkins-x/jx-client/pkg/apis/jenkins.io/v1/zz_generated.deepcopy.go:154.2,156.12 3 0
github.com/jenkins-x/jx-client/pkg/apis/jenkins.io/v1/zz_generated.deepcopy.go:151.15,153.3 1 0
github.com/jenkins-x/jx-client/pkg/apis/jenkins.io/v1/zz_generated.deepcopy.go:160.53,162.20 2 0
github.com/jenkins-x/jx-client/pkg/apis/jenkins.io/v1/zz_generated.deepcopy.go:167.2,167.8 1 0
github.com/jenkins-x/jx-client/pkg/apis/jenkins.io/v1/zz_generated.deepcopy.go:162.20,166.3 3 0
github.com/jenkins-x/jx-client/pkg/apis/jenkins.io/v1/zz_generated.deepcopy.go:171.46,172.15 1 0
github.com/jenkins-x/jx-client/pkg/apis/jenkins.io/v1/zz_generated.deepcopy.go:175.2,177.12 3 0
github.com/jenkins-x/jx-client/pkg/apis/jenkins.io/v1/zz_generated.deepcopy.go:172.15,174.3 1 0
github.com/jenkins-x/jx-client/pkg/apis/jenkins.io/v1/zz_generated.deepcopy.go:181.75,183.38 2 0
github.com/jenkins-x/jx-client/pkg/apis/jenkins.io/v1/zz_generated.deepcopy.go:188.2,188.8 1 0
github.com/jenkins-x/jx-client/pkg/apis/jenkins.io/v1/zz_generated.deepcopy.go:183.38,187.3 3 0
github.com/jenkins-x/jx-client/pkg/apis/jenkins.io/v1/zz_generated.deepcopy.go:192.68,193.15 1 0
github.com/jenkins-x/jx-client/pkg/apis/jenkins.io/v1/zz_generated.deepcopy.go:196.2,198.12 3 0
github.com/jenkins-x/jx-client/pkg/apis/jenkins.io/v1/zz_generated.deepcopy.go:193.15,195.3 1 0
github.com/jenkins-x/jx-client/pkg/apis/jenkins.io/v1/zz_generated.deepcopy.go:202.45,205.2 2 0
github.com/jenkins-x/jx-client/pkg/apis/jenkins.io/v1/zz_generated.deepcopy.go:208.38,209.15 1 0
github.com/jenkins-x/jx-client/pkg/apis/jenkins.io/v1/zz_generated.deepcopy.go:212.2,214.12 3 0
github.com/jenkins-x/jx-client/pkg/apis/jenkins.io/v1/zz_generated.deepcopy.go:209.15,211.3 1 0
github.com/jenkins-x/jx-client/pkg/apis/jenkins.io/v1/zz_generated.deepcopy.go:218.91,220.24 2 0
github.com/jenkins-x/jx-client/pkg/apis/jenkins.io/v1/zz_generated.deepcopy.go:225.2,225.22 1 0
github.com/jenkins-x/jx-client/pkg/apis/jenkins.io/v1/zz_generated.deepcopy.go:230.2,230.8 1 0
github.com/jenkins-x/jx-client/pkg/apis/jenkins.io/v1/zz_generated.deepcopy.go:220.24,224.3 3 0
github.com/jenkins-x/jx-client/pkg/apis/jenkins.io/v1/zz_generated.deepcopy.go:225.22,229.3 3 0
github.com/jenkins-x/jx-client/pkg/apis/jenkins.io/v1/zz_generated.deepcopy.go:234.84,235.15 1 0
github.com/jenkins-x/jx-client/pkg/apis/jenkins.io/v1/zz_generated.deepcopy.go:238.2,240.12 3 0
github.com/jenkins-x/jx-client/pkg/apis/jenkins.io/v1/zz_generated.deepcopy.go:235.15,237.3 1 0
github.com/jenkins-x/jx-client/pkg/apis/jenkins.io/v1/zz_generated.deepcopy.go:244.49,246.28 2 0
github.com/jenkins-x/jx-client/pkg/apis/jenkins.io/v1/zz_generated.deepcopy.go:251.2,251.24 1 0
github.com/jenkins-x/jx-client/pkg/apis/jenkins.io/v1/zz_generated.deepcopy.go:256.2,256.8 1 0
github.com/jenkins-x/jx-client/pkg/apis/jenkins.io/v1/zz_generated.deepcopy.go:246.28,250.3 3 0
github.com/jenkins-x/jx-client/pkg/apis/jenkins.io/v1/zz_generated.deepcopy.go:251.24,255.3 3 0
github.com/jenkins-x/jx-client/pkg/apis/jenkins.io/v1/zz_generated.deepcopy.go:260.42,261.15 1 0
github.com/jenkins-x/jx-client/pkg/apis/jenkins.io/v1/zz_generated.deepcopy.go:264.2,266.12 3 0
github.com/jenkins-x/jx-client/pkg/apis/jenkins.io/v1/zz_generated.deepcopy.go:261.15,263.3 1 0
github.com/jenkins-x/jx-client/pkg/apis/jenkins.io/v1/zz_generated.deepcopy.go:270.51,276.2 5 0
github.com/jenkins-x/jx-client/pkg/apis/jenkins.io/v1/zz_generated.deepcopy.go:279.44,280.15 1 0
github.com/jenkins-x/jx-client/pkg/apis/jenkins.io/v1/zz_generated.deepcopy.go:283.2,285.12 3 0
github.com/jenkins-x/jx-client/pkg/apis/jenkins.io/v1/zz_generated.deepcopy.go:280.15,282.3 1 0
github.com/jenkins-x/jx-client/pkg/apis/jenkins.io/v1/zz_generated.deepcopy.go:289.54,290.34 1 0
github.com/jenkins-x/jx-client/pkg/apis/jenkins.io/v1/zz_generated.deepcopy.go:293.2,293.12 1 0
github.com/jenkins-x/jx-client/pkg/apis/jenkins.io/v1/zz_generated.deepcopy.go:290.34,292.3 1 0
github.com/jenkins-x/jx-client/pkg/apis/jenkins.io/v1/zz_generated.deepcopy.go:297.59,301.21 4 0
github.com/jenkins-x/jx-client/pkg/apis/jenkins.io/v1/zz_generated.deepcopy.go:308.2,308.8 1 0
github.com/jenkins-x/jx-client/pkg/apis/jenkins.io/v1/zz_generated.deepcopy.go:301.21,304.22 3 0
github.com/jenkins-x/jx-client/pkg/apis/jenkins.io/v1/zz_generated.deepcopy.go:304.22,306.4 1 0
github.com/jenkins-x/jx-client/pkg/apis/jenkins.io/v1/zz_generated.deepcopy.go:312.52,313.15 1 0
github.com/jenkins-x/jx-client/pkg/apis/jenkins.io/v1/zz_generated.deepcopy.go:316.2,318.12 3 0
github.com/jenkins-x/jx-client/pkg/apis/jenkins.io/v1/zz_generated.deepcopy.go:313.15,315.3 1 0
github.com/jenkins-x/jx-client/pkg/apis/jenkins.io/v1/zz_generated.deepcopy.go:322.58,323.34 1 0
github.com/jenkins-x/jx-client/pkg/apis/jenkins.io/v1/zz_generated.deepcopy.go:326.2,326.12 1 0
github.com/jenkins-x/jx-client/pkg/apis/jenkins.io/v1/zz_generated.deepcopy.go:323.34,325.3 1 0
github.com/jenkins-x/jx-client/pkg/apis/jenkins.io/v1/zz_generated.deepcopy.go:330.59,332.35 2 0
github.com/jenkins-x/jx-client/pkg/apis/jenkins.io/v1/zz_generated.deepcopy.go:339.2,339.8 1 0
github.com/jenkins-x/jx-client/pkg/apis/jenkins.io/v1/zz_generated.deepcopy.go:332.35,335.22 3 0
github.com/jenkins-x/jx-client/pkg/apis/jenkins.io/v1/zz_generated.deepcopy.go:335.22,337.4 1 0
github.com/jenkins-x/jx-client/pkg/apis/jenkins.io/v1/zz_generated.deepcopy.go:343.52,344.15 1 0
github.com/jenkins-x/jx-client/pkg/apis/jenkins.io/v1/zz_generated.deepcopy.go:347.2,349.12 3 0
github.com/jenkins-x/jx-client/pkg/apis/jenkins.io/v1/zz_generated.deepcopy.go:344.15,346.3 1 0
github.com/jenkins-x/jx-client/pkg/apis/jenkins.io/v1/zz_generated.deepcopy.go:353.49,356.2 2 0
github.com/jenkins-x/jx-client/pkg/apis/jenkins.io/v1/zz_generated.deepcopy.go:359.42,360.15 1 0
github.com/jenkins-x/jx-client/pkg/apis/jenkins.io/v1/zz_generated.deepcopy.go:363.2,365.12 3 0
github.com/jenkins-x/jx-client/pkg/apis/jenkins.io/v1/zz_generated.deepcopy.go:360.15,362.3 1 0
github.com/jenkins-x/jx-client/pkg/apis/jenkins.io/v1/zz_generated.deepcopy.go:369.57,375.2 5 0
github.com/jenkins-x/jx-client/pkg/apis/jenkins.io/v1/zz_generated.deepcopy.go:378.50,379.15 1 0
github.com/jenkins-x/jx-client/pkg/apis/jenkins.io/v1/zz_generated.deepcopy.go:382.2,384.12 3 0
github.com/jenkins-x/jx-client/pkg/apis/jenkins.io/v1/zz_generated.deepcopy.go:379.15,381.3 1 0
github.com/jenkins-x/jx-client/pkg/apis/jenkins.io/v1/zz_generated.deepcopy.go:388.57,389.34 1 0
github.com/jenkins-x/jx-client/pkg/apis/jenkins.io/v1/zz_generated.deepcopy.go:392.2,392.12 1 0
github.com/jenkins-x/jx-client/pkg/apis/jenkins.io/v1/zz_generated.deepcopy.go:389.34,391.3 1 0
github.com/jenkins-x/jx-client/pkg/apis/jenkins.io/v1/zz_generated.deepcopy.go:396.87,399.2 2 0
github.com/jenkins-x/jx-client/pkg/apis/jenkins.io/v1/zz_generated.deepcopy.go:402.80,403.15 1 0
github.com/jenkins-x/jx-client/pkg/apis/jenkins.io/v1/zz_generated.deepcopy.go:406.2,408.12 3 0
github.com/jenkins-x/jx-client/pkg/apis/jenkins.io/v1/zz_generated.deepcopy.go:403.15,405.3 1 0
github.com/jenkins-x/jx-client/pkg/apis/jenkins.io/v1/zz_generated.deepcopy.go:412.71,415.21 3 0
github.com/jenkins-x/jx-client/pkg/apis/jenkins.io/v1/zz_generated.deepcopy.go:420.2,421.8 2 0
github.com/jenkins-x/jx-client/pkg/apis/jenkins.io/v1/zz_generated.deepcopy.go:415.21,419.3 3 0
github.com/jenkins-x/jx-client/pkg/apis/jenkins.io/v1/zz_generated.deepcopy.go:425.64,426.15 1 0
github.com/jenkins-x/jx-client/pkg/apis/jenkins.io/v1/zz_generated.deepcopy.go:429.2,431.12 3 0
github.com/jenkins-x/jx-client/pkg/apis/jenkins.io/v1/zz_generated.deepcopy.go:426.15,428.3 1 0
github.com/jenkins-x/jx-client/pkg/apis/jenkins.io/v1/zz_generated.deepcopy.go:435.65,438.2 2 0
github.com/jenkins-x/jx-client/pkg/apis/jenkins.io/v1/zz_generated.deepcopy.go:441.58,442.15 1 0
github.com/jenkins-x/jx-client/pkg/apis/jenkins.io/v1/zz_generated.deepcopy.go:445.2,447.12 3 0
github.com/jenkins-x/jx-client/pkg/apis/jenkins.io/v1/zz_generated.deepcopy.go:442.15,444.3 1 0
github.com/jenkins-x/jx-client/pkg/apis/jenkins.io/v1/zz_generated.deepcopy.go:451.65,455.21 4 0
github.com/jenkins-x/jx-client/pkg/apis/jenkins.io/v1/zz_generated.deepcopy.go:462.2,462.8 1 0
github.com/jenkins-x/jx-client/pkg/apis/jenkins.io/v1/zz_generated.deepcopy.go:455.21,458.22 3 0
github.com/jenkins-x/jx-client/pkg/apis/jenkins.io/v1/zz_generated.deepcopy.go:458.22,460.4 1 0
github.com/jenkins-x/jx-client/pkg/apis/jenkins.io/v1/zz_generated.deepcopy.go:466.58,467.15 1 0
github.com/jenkins-x/jx-client/pkg/apis/jenkins.io/v1/zz_generated.deepcopy.go:470.2,472.12 3 0
github.com/jenkins-x/jx-client/pkg/apis/jenkins.io/v1/zz_generated.deepcopy.go:467.15,469.3 1 0
github.com/jenkins-x/jx-client/pkg/apis/jenkins.io/v1/zz_generated.deepcopy.go:476.61,477.34 1 0
github.com/jenkins-x/jx-client/pkg/apis/jenkins.io/v1/zz_generated.deepcopy.go:480.2,480.12 1 0
github.com/jenkins-x/jx-client/pkg/apis/jenkins.io/v1/zz_generated.deepcopy.go:477.34,479.3 1 0
github.com/jenkins-x/jx-client/pkg/apis/jenkins.io/v1/zz_generated.deepcopy.go:484.65,486.21 2 0
github.com/jenkins-x/jx-client/pkg/apis/jenkins.io/v1/zz_generated.deepcopy.go:493.2,493.8 1 0
github.com/jenkins-x/jx-client/pkg/apis/jenkins.io/v1/zz_generated.deepcopy.go:486.21,489.22 3 0
github.com/jenkins-x/jx-client/pkg/apis/jenkins.io/v1/zz_generated.deepcopy.go:489.22,491.4 1 0
github.com/jenkins-x/jx-client/pkg/apis/jenkins.io/v1/zz_generated.deepcopy.go:497.58,498.15 1 0
github.com/jenkins-x/jx-client/pkg/apis/jenkins.io/v1/zz_generated.deepcopy.go:501.2,503.12 3 0
github.com/jenkins-x/jx-client/pkg/apis/jenkins.io/v1/zz_generated.deepcopy.go:498.15,500.3 1 0
github.com/jenkins-x/jx-client/pkg/apis/jenkins.io/v1/zz_generated.deepcopy.go:507.59,509.22 2 0
github.com/jenkins-x/jx-client/pkg/apis/jenkins.io/v1/zz_generated.deepcopy.go:514.2,514.25 1 0
github.com/jenkins-x/jx-client/pkg/apis/jenkins.io/v1/zz_generated.deepcopy.go:519.2,519.24 1 0
github.com/jenkins-x/jx-client/pkg/apis/jenkins.io/v1/zz_generated.deepcopy.go:524.2,524.8 1 0
github.com/jenkins-x/jx-client/pkg/apis/jenkins.io/v1/zz_generated.deepcopy.go:509.22,513.3 3 0
github.com/jenkins-x/jx-client/pkg/apis/jenkins.io/v1/zz_generated.deepcopy.go:514.25,518.3 3 0
github.com/jenkins-x/jx-client/pkg/apis/jenkins.io/v1/zz_generated.deepcopy.go:519.24,523.3 3 0
github.com/jenkins-x/jx-client/pkg/apis/jenkins.io/v1/zz_generated.deepcopy.go:528.52,529.15 1 0
github.com/jenkins-x/jx-client/pkg/apis/jenkins.io/v1/zz_generated.deepcopy.go:532.2,534.12 3 0
github.com/jenkins-x/jx-client/pkg/apis/jenkins.io/v1/zz_generated.deepcopy.go:529.15,531.3 1 0
github.com/jenkins-x/jx-client/pkg/apis/jenkins.io/v1/zz_generated.deepcopy.go:538.59,540.36 2 0
github.com/jenkins-x/jx-client/pkg/apis/jenkins.io/v1/zz_generated.deepcopy.go:545.2,545.26 1 0
github.com/jenkins-x/jx-client/pkg/apis/jenkins.io/v1/zz_generated.deepcopy.go:550.2,550.8 1 0
github.com/jenkins-x/jx-client/pkg/apis/jenkins.io/v1/zz_generated.deepcopy.go:540.36,544.3 3 0
github.com/jenkins-x/jx-client/pkg/apis/jenkins.io/v1/zz_generated.deepcopy.go:545.26,549.3 3 0
github.com/jenkins-x/jx-client/pkg/apis/jenkins.io/v1/zz_generated.deepcopy.go:554.52,555.15 1 0
github.com/jenkins-x/jx-client/pkg/apis/jenkins.io/v1/zz_generated.deepcopy.go:558.2,560.12 3 0
github.com/jenkins-x/jx-client/pkg/apis/jenkins.io/v1/zz_generated.deepcopy.go:555.15,557.3 1 0
github.com/jenkins-x/jx-client/pkg/apis/jenkins.io/v1/zz_generated.deepcopy.go:564.59,566.19 2 0
github.com/jenkins-x/jx-client/pkg/apis/jenkins.io/v1/zz_generated.deepcopy.go:573.2,574.8 2 0
github.com/jenkins-x/jx-client/pkg/apis/jenkins.io/v1/zz_generated.deepcopy.go:566.19,569.29 3 0
github.com/jenkins-x/jx-client/pkg/apis/jenkins.io/v1/zz_generated.deepcopy.go:569.29,571.4 1 0
github.com/jenkins-x/jx-client/pkg/apis/jenkins.io/v1/zz_generated.deepcopy.go:578.52,579.15 1 0
github.com/jenkins-x/jx-client/pkg/apis/jenkins.io/v1/zz_generated.deepcopy.go:582.2,584.12 3 0
github.com/jenkins-x/jx-client/pkg/apis/jenkins.io/v1/zz_generated.deepcopy.go:579.15,581.3 1 0
github.com/jenkins-x/jx-client/pkg/apis/jenkins.io/v1/zz_generated.deepcopy.go:588.59,590.35 2 0
github.com/jenkins-x/jx-client/pkg/apis/jenkins.io/v1/zz_generated.deepcopy.go:595.2,595.32 1 0
github.com/jenkins-x/jx-client/pkg/apis/jenkins.io/v1/zz_generated.deepcopy.go:600.2,600.41 1 0
github.com/jenkins-x/jx-client/pkg/apis/jenkins.io/v1/zz_generated.deepcopy.go:605.2,605.32 1 0
github.com/jenkins-x/jx-client/pkg/apis/jenkins.io/v1/zz_generated.deepcopy.go:610.2,610.36 1 0
github.com/jenkins-x/jx-client/pkg/apis/jenkins.io/v1/zz_generated.deepcopy.go:615.2,615.8 1 0
github.com/jenkins-x/jx-client/pkg/apis/jenkins.io/v1/zz_generated.deepcopy.go:590.35,594.3 3 0
github.com/jenkins-x/jx-client/pkg/apis/jenkins.io/v1/zz_generated.deepcopy.go:595.32,599.3 3 0
github.com/jenkins-x/jx-client/pkg/apis/jenkins.io/v1/zz_generated.deepcopy.go:600.41,604.3 3 0
github.com/jenkins-x/jx-client/pkg/apis/jenkins.io/v1/zz_generated.deepcopy.go:605.32,609.3 3 0
github.com/jenkins-x/jx-client/pkg/apis/jenkins.io/v1/zz_generated.deepcopy.go:610.36,614.3 3 0
github.com/jenkins-x/jx-client/pkg/apis/jenkins.io/v1/zz_generated.deepcopy.go:619.52,620.15 1 0
github.com/jenkins-x/jx-client/pkg/apis/jenkins.io/v1/zz_generated.deepcopy.go:623.2,625.12 3 0
github.com/jenkins-x/jx-client/pkg/apis/jenkins.io/v1/zz_generated.deepcopy.go:620.15,622.3 1 0
github.com/jenkins-x/jx-client/pkg/apis/jenkins.io/v1/zz_generated.deepcopy.go:629.65,631.32 2 0
github.com/jenkins-x/jx-client/pkg/apis/jenkins.io/v1/zz_generated.deepcopy.go:635.2,635.34 1 0
github.com/jenkins-x/jx-client/pkg/apis/jenkins.io/v1/zz_generated.deepcopy.go:639.2,639.8 1 0
github.com/jenkins-x/jx-client/pkg/apis/jenkins.io/v1/zz_generated.deepcopy.go:631.32,634.3 2 0
github.com/jenkins-x/jx-client/pkg/apis/jenkins.io/v1/zz_generated.deepcopy.go:635.34,638.3 2 0
github.com/jenkins-x/jx-client/pkg/apis/jenkins.io/v1/zz_generated.deepcopy.go:643.58,644.15 1 0
github.com/jenkins-x/jx-client/pkg/apis/jenkins.io/v1/zz_generated.deepcopy.go:647.2,649.12 3 0
github.com/jenkins-x/jx-client/pkg/apis/jenkins.io/v1/zz_generated.deepcopy.go:644.15,646.3 1 0
github.com/jenkins-x/jx-client/pkg/apis/jenkins.io/v1/zz_generated.deepcopy.go:653.65,656.21 3 0
github.com/jenkins-x/jx-client/pkg/apis/jenkins.io/v1/zz_generated.deepcopy.go:667.2,667.8 1 0
github.com/jenkins-x/jx-client/pkg/apis/jenkins.io/v1/zz_generated.deepcopy.go:656.21,659.22 3 0
github.com/jenkins-x/jx-client/pkg/apis/jenkins.io/v1/zz_generated.deepcopy.go:659.22,660.23 1 0
github.com/jenkins-x/jx-client/pkg/apis/jenkins.io/v1/zz_generated.deepcopy.go:660.23,664.5 3 0
github.com/jenkins-x/jx-client/pkg/apis/jenkins.io/v1/zz_generated.deepcopy.go:671.58,672.15 1 0
github.com/jenkins-x/jx-client/pkg/apis/jenkins.io/v1/zz_generated.deepcopy.go:675.2,677.12 3 0
github.com/jenkins-x/jx-client/pkg/apis/jenkins.io/v1/zz_generated.deepcopy.go:672.15,674.3 1 0
github.com/jenkins-x/jx-client/pkg/apis/jenkins.io/v1/zz_generated.deepcopy.go:681.79,684.2 2 0
github.com/jenkins-x/jx-client/pkg/apis/jenkins.io/v1/zz_generated.deepcopy.go:687.72,688.15 1 0
github.com/jenkins-x/jx-client/pkg/apis/jenkins.io/v1/zz_generated.deepcopy.go:691.2,693.12 3 0
github.com/jenkins-x/jx-client/pkg/apis/jenkins.io/v1/zz_generated.deepcopy.go:688.15,690.3 1 0
github.com/jenkins-x/jx-client/pkg/apis/jenkins.io/v1/zz_generated.deepcopy.go:697.72,698.2 1 0
github.com/jenkins-x/jx-client/pkg/apis/jenkins.io/v1/zz_generated.deepcopy.go:698.2,703.3 4 0
github.com/jenkins-x/jx-client/pkg/apis/jenkins.io/v1/zz_generated.deepcopy.go:707.64,708.15 1 0
github.com/jenkins-x/jx-client/pkg/apis/jenkins.io/v1/zz_generated.deepcopy.go:711.2,713.13 3 0
github.com/jenkins-x/jx-client/pkg/apis/jenkins.io/v1/zz_generated.deepcopy.go:708.15,710.3 1 0
github.com/jenkins-x/jx-client/pkg/apis/jenkins.io/v1/zz_generated.deepcopy.go:717.59,720.2 2 0
github.com/jenkins-x/jx-client/pkg/apis/jenkins.io/v1/zz_generated.deepcopy.go:723.52,724.15 1 0
github.com/jenkins-x/jx-client/pkg/apis/jenkins.io/v1/zz_generated.deepcopy.go:727.2,729.12 3 0
github.com/jenkins-x/jx-client/pkg/apis/jenkins.io/v1/zz_generated.deepcopy.go:724.15,726.3 1 0
github.com/jenkins-x/jx-client/pkg/apis/jenkins.io/v1/zz_generated.deepcopy.go:733.55,740.2 6 0
github.com/jenkins-x/jx-client/pkg/apis/jenkins.io/v1/zz_generated.deepcopy.go:743.48,744.15 1 0
github.com/jenkins-x/jx-client/pkg/apis/jenkins.io/v1/zz_generated.deepcopy.go:747.2,749.12 3 0
github.com/jenkins-x/jx-client/pkg/apis/jenkins.io/v1/zz_generated.deepcopy.go:744.15,746.3 1 0
github.com/jenkins-x/jx-client/pkg/apis/jenkins.io/v1/zz_generated.deepcopy.go:753.56,754.34 1 0
github.com/jenkins-x/jx-client/pkg/apis/jenkins.io/v1/zz_generated.deepcopy.go:757.2,757.12 1 0
github.com/jenkins-x/jx-client/pkg/apis/jenkins.io/v1/zz_generated.deepcopy.go:754.34,756.3 1 0
github.com/jenkins-x/jx-client/pkg/apis/jenkins.io/v1/zz_generated.deepcopy.go:761.67,763.24 2 0
github.com/jenkins-x/jx-client/pkg/apis/jenkins.io/v1/zz_generated.deepcopy.go:768.2,768.24 1 0
github.com/jenkins-x/jx-client/pkg/apis/jenkins.io/v1/zz_generated.deepcopy.go:773.2,773.8 1 0
github.com/jenkins-x/jx-client/pkg/apis/jenkins.io/v1/zz_generated.deepcopy.go:763.24,767.3 3 0
github.com/jenkins-x/jx-client/pkg/apis/jenkins.io/v1/zz_generated.deepcopy.go:768.24,772.3 3 0
github.com/jenkins-x/jx-client/pkg/apis/jenkins.io/v1/zz_generated.deepcopy.go:777.60,778.15 1 0
github.com/jenkins-x/jx-client/pkg/apis/jenkins.io/v1/zz_generated.deepcopy.go:781.2,783.12 3 0
github.com/jenkins-x/jx-client/pkg/apis/jenkins.io/v1/zz_generated.deepcopy.go:778.15,780.3 1 0
github.com/jenkins-x/jx-client/pkg/apis/jenkins.io/v1/zz_generated.deepcopy.go:787.63,791.21 4 0
github.com/jenkins-x/jx-client/pkg/apis/jenkins.io/v1/zz_generated.deepcopy.go:798.2,798.8 1 0
github.com/jenkins-x/jx-client/pkg/apis/jenkins.io/v1/zz_generated.deepcopy.go:791.21,794.22 3 0
github.com/jenkins-x/jx-client/pkg/apis/jenkins.io/v1/zz_generated.deepcopy.go:794.22,796.4 1 0
github.com/jenkins-x/jx-client/pkg/apis/jenkins.io/v1/zz_generated.deepcopy.go:802.56,803.15 1 0
github.com/jenkins-x/jx-client/pkg/apis/jenkins.io/v1/zz_generated.deepcopy.go:806.2,808.12 3 0
github.com/jenkins-x/jx-client/pkg/apis/jenkins.io/v1/zz_generated.deepcopy.go:803.15,805.3 1 0
github.com/jenkins-x/jx-client/pkg/apis/jenkins.io/v1/zz_generated.deepcopy.go:812.60,813.34 1 0
github.com/jenkins-x/jx-client/pkg/apis/jenkins.io/v1/zz_generated.deepcopy.go:816.2,816.12 1 0
github.com/jenkins-x/jx-client/pkg/apis/jenkins.io/v1/zz_generated.deepcopy.go:813.34,815.3 1 0
github.com/jenkins-x/jx-client/pkg/apis/jenkins.io/v1/zz_generated.deepcopy.go:820.75,823.2 2 0
github.com/jenkins-x/jx-client/pkg/apis/jenkins.io/v1/zz_generated.deepcopy.go:826.68,827.15 1 0
github.com/jenkins-x/jx-client/pkg/apis/jenkins.io/v1/zz_generated.deepcopy.go:830.2,832.12 3 0
github.com/jenkins-x/jx-client/pkg/apis/jenkins.io/v1/zz_generated.deepcopy.go:827.15,829.3 1 0
github.com/jenkins-x/jx-client/pkg/apis/jenkins.io/v1/zz_generated.deepcopy.go:836.77,843.2 6 0
github.com/jenkins-x/jx-client/pkg/apis/jenkins.io/v1/zz_generated.deepcopy.go:846.70,847.15 1 0
github.com/jenkins-x/jx-client/pkg/apis/jenkins.io/v1/zz_generated.deepcopy.go:850.2,852.12 3 0
github.com/jenkins-x/jx-client/pkg/apis/jenkins.io/v1/zz_generated.deepcopy.go:847.15,849.3 1 0
github.com/jenkins-x/jx-client/pkg/apis/jenkins.io/v1/zz_generated.deepcopy.go:856.67,857.34 1 0
github.com/jenkins-x/jx-client/pkg/apis/jenkins.io/v1/zz_generated.deepcopy.go:860.2,860.12 1 0
github.com/jenkins-x/jx-client/pkg/apis/jenkins.io/v1/zz_generated.deepcopy.go:857.34,859.3 1 0
github.com/jenkins-x/jx-client/pkg/apis/jenkins.io/v1/zz_generated.deepcopy.go:864.85,868.21 4 0
github.com/jenkins-x/jx-client/pkg/apis/jenkins.io/v1/zz_generated.deepcopy.go:875.2,875.8 1 0
github.com/jenkins-x/jx-client/pkg/apis/jenkins.io/v1/zz_generated.deepcopy.go:868.21,871.22 3 0
github.com/jenkins-x/jx-client/pkg/apis/jenkins.io/v1/zz_generated.deepcopy.go:871.22,873.4 1 0
github.com/jenkins-x/jx-client/pkg/apis/jenkins.io/v1/zz_generated.deepcopy.go:879.78,880.15 1 0
github.com/jenkins-x/jx-client/pkg/apis/jenkins.io/v1/zz_generated.deepcopy.go:883.2,885.12 3 0
github.com/jenkins-x/jx-client/pkg/apis/jenkins.io/v1/zz_generated.deepcopy.go:880.15,882.3 1 0
github.com/jenkins-x/jx-client/pkg/apis/jenkins.io/v1/zz_generated.deepcopy.go:889.71,890.34 1 0
github.com/jenkins-x/jx-client/pkg/apis/jenkins.io/v1/zz_generated.deepcopy.go:893.2,893.12 1 0
github.com/jenkins-x/jx-client/pkg/apis/jenkins.io/v1/zz_generated.deepcopy.go:890.34,892.3 1 0
github.com/jenkins-x/jx-client/pkg/apis/jenkins.io/v1/zz_generated.deepcopy.go:897.85,899.24 2 0
github.com/jenkins-x/jx-client/pkg/apis/jenkins.io/v1/zz_generated.deepcopy.go:904.2,905.28 2 0
github.com/jenkins-x/jx-client/pkg/apis/jenkins.io/v1/zz_generated.deepcopy.go:912.2,912.8 1 0
github.com/jenkins-x/jx-client/pkg/apis/jenkins.io/v1/zz_generated.deepcopy.go:899.24,903.3 3 0
github.com/jenkins-x/jx-client/pkg/apis/jenkins.io/v1/zz_generated.deepcopy.go:905.28,908.22 3 0
github.com/jenkins-x/jx-client/pkg/apis/jenkins.io/v1/zz_generated.deepcopy.go:908.22,910.4 1 0
github.com/jenkins-x/jx-client/pkg/apis/jenkins.io/v1/zz_generated.deepcopy.go:916.78,917.15 1 0
github.com/jenkins-x/jx-client/pkg/apis/jenkins.io/v1/zz_generated.deepcopy.go:920.2,922.12 3 0
github.com/jenkins-x/jx-client/pkg/apis/jenkins.io/v1/zz_generated.deepcopy.go:917.15,919.3 1 0
github.com/jenkins-x/jx-client/pkg/apis/jenkins.io/v1/zz_generated.deepcopy.go:926.89,929.2 2 0
github.com/jenkins-x/jx-client/pkg/apis/jenkins.io/v1/zz_generated.deepcopy.go:932.82,933.15 1 0
github.com/jenkins-x/jx-client/pkg/apis/jenkins.io/v1/zz_generated.deepcopy.go:936.2,938.12 3 0
github.com/jenkins-x/jx-client/pkg/apis/jenkins.io/v1/zz_generated.deepcopy.go:933.15,935.3 1 0
github.com/jenkins-x/jx-client/pkg/apis/jenkins.io/v1/zz_generated.deepcopy.go:942.63,948.2 5 0
github.com/jenkins-x/jx-client/pkg/apis/jenkins.io/v1/zz_generated.deepcopy.go:951.56,952.15 1 0
github.com/jenkins-x/jx-client/pkg/apis/jenkins.io/v1/zz_generated.deepcopy.go:955.2,957.12 3 0
github.com/jenkins-x/jx-client/pkg/apis/jenkins.io/v1/zz_generated.deepcopy.go:952.15,954.3 1 0
github.com/jenkins-x/jx-client/pkg/apis/jenkins.io/v1/zz_generated.deepcopy.go:961.67,964.2 2 0
github.com/jenkins-x/jx-client/pkg/apis/jenkins.io/v1/zz_generated.deepcopy.go:967.60,968.15 1 0
github.com/jenkins-x/jx-client/pkg/apis/jenkins.io/v1/zz_generated.deepcopy.go:971.2,973.12 3 0
github.com/jenkins-x/jx-client/pkg/apis/jenkins.io/v1/zz_generated.deepcopy.go:968.15,970.3 1 0
github.com/jenkins-x/jx-client/pkg/apis/jenkins.io/v1/zz_generated.deepcopy.go:977.71,980.2 2 0
github.com/jenkins-x/jx-client/pkg/apis/jenkins.io/v1/zz_generated.deepcopy.go:983.64,984.15 1 0
github.com/jenkins-x/jx-client/pkg/apis/jenkins.io/v1/zz_generated.deepcopy.go:987.2,989.12 3 0
github.com/jenkins-x/jx-client/pkg/apis/jenkins.io/v1/zz_generated.deepcopy.go:984.15,986.3 1 0
github.com/jenkins-x/jx-client/pkg/apis/jenkins.io/v1/zz_generated.deepcopy.go:993.51,999.2 5 0
github.com/jenkins-x/jx-client/pkg/apis/jenkins.io/v1/zz_generated.deepcopy.go:1002.44,1003.15 1 0
github.com/jenkins-x/jx-client/pkg/apis/jenkins.io/v1/zz_generated.deepcopy.go:1006.2,1008.12 3 0
github.com/jenkins-x/jx-client/pkg/apis/jenkins.io/v1/zz_generated.deepcopy.go:1003.15,1005.3 1 0
github.com/jenkins-x/jx-client/pkg/apis/jenkins.io/v1/zz_generated.deepcopy.go:1012.54,1013.34 1 0
github.com/jenkins-x/jx-client/pkg/apis/jenkins.io/v1/zz_generated.deepcopy.go:1016.2,1016.12 1 0
github.com/jenkins-x/jx-client/pkg/apis/jenkins.io/v1/zz_generated.deepcopy.go:1013.34,1015.3 1 0
github.com/jenkins-x/jx-client/pkg/apis/jenkins.io/v1/zz_generated.deepcopy.go:1020.63,1022.26 2 0
github.com/jenkins-x/jx-client/pkg/apis/jenkins.io/v1/zz_generated.deepcopy.go:1027.2,1027.8 1 0
github.com/jenkins-x/jx-client/pkg/apis/jenkins.io/v1/zz_generated.deepcopy.go:1022.26,1026.3 3 0
github.com/jenkins-x/jx-client/pkg/apis/jenkins.io/v1/zz_generated.deepcopy.go:1031.56,1032.15 1 0
github.com/jenkins-x/jx-client/pkg/apis/jenkins.io/v1/zz_generated.deepcopy.go:1035.2,1037.12 3 0
github.com/jenkins-x/jx-client/pkg/apis/jenkins.io/v1/zz_generated.deepcopy.go:1032.15,1034.3 1 0
github.com/jenkins-x/jx-client/pkg/apis/jenkins.io/v1/zz_generated.deepcopy.go:1041.71,1043.26 2 0
github.com/jenkins-x/jx-client/pkg/apis/jenkins.io/v1/zz_generated.deepcopy.go:1050.2,1050.8 1 0
github.com/jenkins-x/jx-client/pkg/apis/jenkins.io/v1/zz_generated.deepcopy.go:1043.26,1046.22 3 0
github.com/jenkins-x/jx-client/pkg/apis/jenkins.io/v1/zz_generated.deepcopy.go:1046.22,1048.4 1 0
github.com/jenkins-x/jx-client/pkg/apis/jenkins.io/v1/zz_generated.deepcopy.go:1054.64,1055.15 1 0
github.com/jenkins-x/jx-client/pkg/apis/jenkins.io/v1/zz_generated.deepcopy.go:1058.2,1060.12 3 0
github.com/jenkins-x/jx-client/pkg/apis/jenkins.io/v1/zz_generated.deepcopy.go:1055.15,1057.3 1 0
github.com/jenkins-x/jx-client/pkg/apis/jenkins.io/v1/zz_generated.deepcopy.go:1064.71,1066.20 2 0
github.com/jenkins-x/jx-client/pkg/apis/jenkins.io/v1/zz_generated.deepcopy.go:1071.2,1071.24 1 0
github.com/jenkins-x/jx-client/pkg/apis/jenkins.io/v1/zz_generated.deepcopy.go:1076.2,1076.26 1 0
github.com/jenkins-x/jx-client/pkg/apis/jenkins.io/v1/zz_generated.deepcopy.go:1081.2,1081.8 1 0
github.com/jenkins-x/jx-client/pkg/apis/jenkins.io/v1/zz_generated.deepcopy.go:1066.20,1070.3 3 0
github.com/jenkins-x/jx-client/pkg/apis/jenkins.io/v1/zz_generated.deepcopy.go:1071.24,1075.3 3 0
github.com/jenkins-x/jx-client/pkg/apis/jenkins.io/v1/zz_generated.deepcopy.go:1076.26,1080.3 3 0
github.com/jenkins-x/jx-client/pkg/apis/jenkins.io/v1/zz_generated.deepcopy.go:1085.64,1086.15 1 0
github.com/jenkins-x/jx-client/pkg/apis/jenkins.io/v1/zz_generated.deepcopy.go:1089.2,1091.12 3 0
github.com/jenkins-x/jx-client/pkg/apis/jenkins.io/v1/zz_generated.deepcopy.go:1086.15,1088.3 1 0
github.com/jenkins-x/jx-client/pkg/apis/jenkins.io/v1/zz_generated.deepcopy.go:1095.99,1098.2 2 0
github.com/jenkins-x/jx-client/pkg/apis/jenkins.io/v1/zz_generated.deepcopy.go:1101.92,1102.15 1 0
github.com/jenkins-x/jx-client/pkg/apis/jenkins.io/v1/zz_generated.deepcopy.go:1105.2,1107.12 3 0
github.com/jenkins-x/jx-client/pkg/apis/jenkins.io/v1/zz_generated.deepcopy.go:1102.15,1104.3 1 0
github.com/jenkins-x/jx-client/pkg/apis/jenkins.io/v1/zz_generated.deepcopy.go:1111.79,1113.26 2 0
github.com/jenkins-x/jx-client/pkg/apis/jenkins.io/v1/zz_generated.deepcopy.go:1120.2,1120.8 1 0
github.com/jenkins-x/jx-client/pkg/apis/jenkins.io/v1/zz_generated.deepcopy.go:1113.26,1116.22 3 0
github.com/jenkins-x/jx-client/pkg/apis/jenkins.io/v1/zz_generated.deepcopy.go:1116.22,1118.4 1 0
github.com/jenkins-x/jx-client/pkg/apis/jenkins.io/v1/zz_generated.deepcopy.go:1124.72,1125.15 1 0
github.com/jenkins-x/jx-client/pkg/apis/jenkins.io/v1/zz_generated.deepcopy.go:1128.2,1130.12 3 0
github.com/jenkins-x/jx-client/pkg/apis/jenkins.io/v1/zz_generated.deepcopy.go:1125.15,1127.3 1 0
github.com/jenkins-x/jx-client/pkg/apis/jenkins.io/v1/zz_generated.deepcopy.go:1134.89,1137.2 2 0
github.com/jenkins-x/jx-client/pkg/apis/jenkins.io/v1/zz_generated.deepcopy.go:1140.82,1141.15 1 0
github.com/jenkins-x/jx-client/pkg/apis/jenkins.io/v1/zz_generated.deepcopy.go:1144.2,1146.12 3 0
github.com/jenkins-x/jx-client/pkg/apis/jenkins.io/v1/zz_generated.deepcopy.go:1141.15,1143.3 1 0
github.com/jenkins-x/jx-client/pkg/apis/jenkins.io/v1/zz_generated.deepcopy.go:1150.97,1152.23 2 0
github.com/jenkins-x/jx-client/pkg/apis/jenkins.io/v1/zz_generated.deepcopy.go:1157.2,1157.8 1 0
github.com/jenkins-x/jx-client/pkg/apis/jenkins.io/v1/zz_generated.deepcopy.go:1152.23,1156.3 3 0
github.com/jenkins-x/jx-client/pkg/apis/jenkins.io/v1/zz_generated.deepcopy.go:1161.90,1162.15 1 0
github.com/jenkins-x/jx-client/pkg/apis/jenkins.io/v1/zz_generated.deepcopy.go:1165.2,1167.12 3 0
github.com/jenkins-x/jx-client/pkg/apis/jenkins.io/v1/zz_generated.deepcopy.go:1162.15,1164.3 1 0
github.com/jenkins-x/jx-client/pkg/apis/jenkins.io/v1/zz_generated.deepcopy.go:1171.69,1173.36 2 0
github.com/jenkins-x/jx-client/pkg/apis/jenkins.io/v1/zz_generated.deepcopy.go:1178.2,1178.8 1 0
github.com/jenkins-x/jx-client/pkg/apis/jenkins.io/v1/zz_generated.deepcopy.go:1173.36,1177.3 3 0
github.com/jenkins-x/jx-client/pkg/apis/jenkins.io/v1/zz_generated.deepcopy.go:1182.62,1183.15 1 0
github.com/jenkins-x/jx-client/pkg/apis/jenkins.io/v1/zz_generated.deepcopy.go:1186.2,1188.12 3 0
github.com/jenkins-x/jx-client/pkg/apis/jenkins.io/v1/zz_generated.deepcopy.go:1183.15,1185.3 1 0
github.com/jenkins-x/jx-client/pkg/apis/jenkins.io/v1/zz_generated.deepcopy.go:1192.59,1196.21 4 0
github.com/jenkins-x/jx-client/pkg/apis/jenkins.io/v1/zz_generated.deepcopy.go:1203.2,1203.8 1 0
github.com/jenkins-x/jx-client/pkg/apis/jenkins.io/v1/zz_generated.deepcopy.go:1196.21,1199.22 3 0
github.com/jenkins-x/jx-client/pkg/apis/jenkins.io/v1/zz_generated.deepcopy.go:1199.22,1201.4 1 0
github.com/jenkins-x/jx-client/pkg/apis/jenkins.io/v1/zz_generated.deepcopy.go:1207.52,1208.15 1 0
github.com/jenkins-x/jx-client/pkg/apis/jenkins.io/v1/zz_generated.deepcopy.go:1211.2,1213.12 3 0
github.com/jenkins-x/jx-client/pkg/apis/jenkins.io/v1/zz_generated.deepcopy.go:1208.15,1210.3 1 0
github.com/jenkins-x/jx-client/pkg/apis/jenkins.io/v1/zz_generated.deepcopy.go:1217.58,1218.34 1 0
github.com/jenkins-x/jx-client/pkg/apis/jenkins.io/v1/zz_generated.deepcopy.go:1221.2,1221.12 1 0
github.com/jenkins-x/jx-client/pkg/apis/jenkins.io/v1/zz_generated.deepcopy.go:1218.34,1220.3 1 0
github.com/jenkins-x/jx-client/pkg/apis/jenkins.io/v1/zz_generated.deepcopy.go:1225.69,1228.2 2 0
github.com/jenkins-x/jx-client/pkg/apis/jenkins.io/v1/zz_generated.deepcopy.go:1231.62,1232.15 1 0
github.com/jenkins-x/jx-client/pkg/apis/jenkins.io/v1/zz_generated.deepcopy.go:1235.2,1237.12 3 0
github.com/jenkins-x/jx-client/pkg/apis/jenkins.io/v1/zz_generated.deepcopy.go:1232.15,1234.3 1 0
github.com/jenkins-x/jx-client/pkg/apis/jenkins.io/v1/zz_generated.deepcopy.go:1241.79,1244.2 2 0
github.com/jenkins-x/jx-client/pkg/apis/jenkins.io/v1/zz_generated.deepcopy.go:1247.72,1248.15 1 0
github.com/jenkins-x/jx-client/pkg/apis/jenkins.io/v1/zz_generated.deepcopy.go:1251.2,1253.12 3 0
github.com/jenkins-x/jx-client/pkg/apis/jenkins.io/v1/zz_generated.deepcopy.go:1248.15,1250.3 1 0
github.com/jenkins-x/jx-client/pkg/apis/jenkins.io/v1/zz_generated.deepcopy.go:1257.87,1259.26 2 0
github.com/jenkins-x/jx-client/pkg/apis/jenkins.io/v1/zz_generated.deepcopy.go:1266.2,1266.8 1 0
github.com/jenkins-x/jx-client/pkg/apis/jenkins.io/v1/zz_generated.deepcopy.go:1259.26,1262.22 3 0
github.com/jenkins-x/jx-client/pkg/apis/jenkins.io/v1/zz_generated.deepcopy.go:1262.22,1264.4 1 0
github.com/jenkins-x/jx-client/pkg/apis/jenkins.io/v1/zz_generated.deepcopy.go:1270.80,1271.15 1 0
github.com/jenkins-x/jx-client/pkg/apis/jenkins.io/v1/zz_generated.deepcopy.go:1274.2,1276.12 3 0
github.com/jenkins-x/jx-client/pkg/apis/jenkins.io/v1/zz_generated.deepcopy.go:1271.15,1273.3 1 0
github.com/jenkins-x/jx-client/pkg/apis/jenkins.io/v1/zz_generated.deepcopy.go:1280.89,1284.2 3 0
github.com/jenkins-x/jx-client/pkg/apis/jenkins.io/v1/zz_generated.deepcopy.go:1287.82,1288.15 1 0
github.com/jenkins-x/jx-client/pkg/apis/jenkins.io/v1/zz_generated.deepcopy.go:1291.2,1293.12 3 0
github.com/jenkins-x/jx-client/pkg/apis/jenkins.io/v1/zz_generated.deepcopy.go:1288.15,1290.3 1 0
github.com/jenkins-x/jx-client/pkg/apis/jenkins.io/v1/zz_generated.deepcopy.go:1297.97,1299.28 2 0
github.com/jenkins-x/jx-client/pkg/apis/jenkins.io/v1/zz_generated.deepcopy.go:1304.2,1304.8 1 0
github.com/jenkins-x/jx-client/pkg/apis/jenkins.io/v1/zz_generated.deepcopy.go:1299.28,1303.3 3 0
github.com/jenkins-x/jx-client/pkg/apis/jenkins.io/v1/zz_generated.deepcopy.go:1308.90,1309.15 1 0
github.com/jenkins-x/jx-client/pkg/apis/jenkins.io/v1/zz_generated.deepcopy.go:1312.2,1314.12 3 0
github.com/jenkins-x/jx-client/pkg/apis/jenkins.io/v1/zz_generated.deepcopy.go:1309.15,1311.3 1 0
github.com/jenkins-x/jx-client/pkg/apis/jenkins.io/v1/zz_generated.deepcopy.go:1318.59,1320.20 2 0
github.com/jenkins-x/jx-client/pkg/apis/jenkins.io/v1/zz_generated.deepcopy.go:1325.2,1325.26 1 0
github.com/jenkins-x/jx-client/pkg/apis/jenkins.io/v1/zz_generated.deepcopy.go:1330.2,1330.24 1 0
github.com/jenkins-x/jx-client/pkg/apis/jenkins.io/v1/zz_generated.deepcopy.go:1335.2,1335.8 1 0
github.com/jenkins-x/jx-client/pkg/apis/jenkins.io/v1/zz_generated.deepcopy.go:1320.20,1324.3 3 0
github.com/jenkins-x/jx-client/pkg/apis/jenkins.io/v1/zz_generated.deepcopy.go:1325.26,1329.3 3 0
github.com/jenkins-x/jx-client/pkg/apis/jenkins.io/v1/zz_generated.deepcopy.go:1330.24,1334.3 3 0
github.com/jenkins-x/jx-client/pkg/apis/jenkins.io/v1/zz_generated.deepcopy.go:1339.52,1340.15 1 0
github.com/jenkins-x/jx-client/pkg/apis/jenkins.io/v1/zz_generated.deepcopy.go:1343.2,1345.12 3 0
github.com/jenkins-x/jx-client/pkg/apis/jenkins.io/v1/zz_generated.deepcopy.go:1340.15,1342.3 1 0
github.com/jenkins-x/jx-client/pkg/apis/jenkins.io/v1/zz_generated.deepcopy.go:1349.61,1351.20 2 0
github.com/jenkins-x/jx-client/pkg/apis/jenkins.io/v1/zz_generated.deepcopy.go:1356.2,1356.24 1 0
github.com/jenkins-x/jx-client/pkg/apis/jenkins.io/v1/zz_generated.deepcopy.go:1361.2,1361.22 1 0
github.com/jenkins-x/jx-client/pkg/apis/jenkins.io/v1/zz_generated.deepcopy.go:1366.2,1366.8 1 0
github.com/jenkins-x/jx-client/pkg/apis/jenkins.io/v1/zz_generated.deepcopy.go:1351.20,1355.3 3 0
github.com/jenkins-x/jx-client/pkg/apis/jenkins.io/v1/zz_generated.deepcopy.go:1356.24,1360.3 3 0
github.com/jenkins-x/jx-client/pkg/apis/jenkins.io/v1/zz_generated.deepcopy.go:1361.22,1365.3 3 0
github.com/jenkins-x/jx-client/pkg/apis/jenkins.io/v1/zz_generated.deepcopy.go:1370.54,1371.15 1 0
github.com/jenkins-x/jx-client/pkg/apis/jenkins.io/v1/zz_generated.deepcopy.go:1374.2,1376.12 3 0
github.com/jenkins-x/jx-client/pkg/apis/jenkins.io/v1/zz_generated.deepcopy.go:1371.15,1373.3 1 0
github.com/jenkins-x/jx-client/pkg/apis/jenkins.io/v1/zz_generated.deepcopy.go:1380.41,1387.2 6 0
github.com/jenkins-x/jx-client/pkg/apis/jenkins.io/v1/zz_generated.deepcopy.go:1390.34,1391.15 1 0
github.com/jenkins-x/jx-client/pkg/apis/jenkins.io/v1/zz_generated.deepcopy.go:1394.2,1396.12 3 0
github.com/jenkins-x/jx-client/pkg/apis/jenkins.io/v1/zz_generated.deepcopy.go:1391.15,1393.3 1 0
github.com/jenkins-x/jx-client/pkg/apis/jenkins.io/v1/zz_generated.deepcopy.go:1400.49,1401.34 1 0
github.com/jenkins-x/jx-client/pkg/apis/jenkins.io/v1/zz_generated.deepcopy.go:1404.2,1404.12 1 0
github.com/jenkins-x/jx-client/pkg/apis/jenkins.io/v1/zz_generated.deepcopy.go:1401.34,1403.3 1 0
github.com/jenkins-x/jx-client/pkg/apis/jenkins.io/v1/zz_generated.deepcopy.go:1408.49,1412.21 4 0
github.com/jenkins-x/jx-client/pkg/apis/jenkins.io/v1/zz_generated.deepcopy.go:1419.2,1419.8 1 0
github.com/jenkins-x/jx-client/pkg/apis/jenkins.io/v1/zz_generated.deepcopy.go:1412.21,1415.22 3 0
github.com/jenkins-x/jx-client/pkg/apis/jenkins.io/v1/zz_generated.deepcopy.go:1415.22,1417.4 1 0
github.com/jenkins-x/jx-client/pkg/apis/jenkins.io/v1/zz_generated.deepcopy.go:1423.42,1424.15 1 0
github.com/jenkins-x/jx-client/pkg/apis/jenkins.io/v1/zz_generated.deepcopy.go:1427.2,1429.12 3 0
github.com/jenkins-x/jx-client/pkg/apis/jenkins.io/v1/zz_generated.deepcopy.go:1424.15,1426.3 1 0
github.com/jenkins-x/jx-client/pkg/apis/jenkins.io/v1/zz_generated.deepcopy.go:1433.53,1434.34 1 0
github.com/jenkins-x/jx-client/pkg/apis/jenkins.io/v1/zz_generated.deepcopy.go:1437.2,1437.12 1 0
github.com/jenkins-x/jx-client/pkg/apis/jenkins.io/v1/zz_generated.deepcopy.go:1434.34,1436.3 1 0
github.com/jenkins-x/jx-client/pkg/apis/jenkins.io/v1/zz_generated.deepcopy.go:1441.49,1443.28 2 0
github.com/jenkins-x/jx-client/pkg/apis/jenkins.io/v1/zz_generated.deepcopy.go:1450.2,1450.26 1 0
github.com/jenkins-x/jx-client/pkg/apis/jenkins.io/v1/zz_generated.deepcopy.go:1457.2,1458.20 2 0
github.com/jenkins-x/jx-client/pkg/apis/jenkins.io/v1/zz_generated.deepcopy.go:1463.2,1464.8 2 0
github.com/jenkins-x/jx-client/pkg/apis/jenkins.io/v1/zz_generated.deepcopy.go:1443.28,1446.22 3 0
github.com/jenkins-x/jx-client/pkg/apis/jenkins.io/v1/zz_generated.deepcopy.go:1446.22,1448.4 1 0
github.com/jenkins-x/jx-client/pkg/apis/jenkins.io/v1/zz_generated.deepcopy.go:1450.26,1453.22 3 0
github.com/jenkins-x/jx-client/pkg/apis/jenkins.io/v1/zz_generated.deepcopy.go:1453.22,1455.4 1 0
github.com/jenkins-x/jx-client/pkg/apis/jenkins.io/v1/zz_generated.deepcopy.go:1458.20,1462.3 3 0
github.com/jenkins-x/jx-client/pkg/apis/jenkins.io/v1/zz_generated.deepcopy.go:1468.42,1469.15 1 0
github.com/jenkins-x/jx-client/pkg/apis/jenkins.io/v1/zz_generated.deepcopy.go:1472.2,1474.12 3 0
github.com/jenkins-x/jx-client/pkg/apis/jenkins.io/v1/zz_generated.deepcopy.go:1469.15,1471.3 1 0
github.com/jenkins-x/jx-client/pkg/apis/jenkins.io/v1/zz_generated.deepcopy.go:1478.53,1481.2 2 0
github.com/jenkins-x/jx-client/pkg/apis/jenkins.io/v1/zz_generated.deepcopy.go:1484.46,1485.15 1 0
github.com/jenkins-x/jx-client/pkg/apis/jenkins.io/v1/zz_generated.deepcopy.go:1488.2,1490.12 3 0
github.com/jenkins-x/jx-client/pkg/apis/jenkins.io/v1/zz_generated.deepcopy.go:1485.15,1487.3 1 0
github.com/jenkins-x/jx-client/pkg/apis/jenkins.io/v1/zz_generated.deepcopy.go:1494.53,1500.2 5 0
github.com/jenkins-x/jx-client/pkg/apis/jenkins.io/v1/zz_generated.deepcopy.go:1503.46,1504.15 1 0
github.com/jenkins-x/jx-client/pkg/apis/jenkins.io/v1/zz_generated.deepcopy.go:1507.2,1509.12 3 0
github.com/jenkins-x/jx-client/pkg/apis/jenkins.io/v1/zz_generated.deepcopy.go:1504.15,1506.3 1 0
github.com/jenkins-x/jx-client/pkg/apis/jenkins.io/v1/zz_generated.deepcopy.go:1513.55,1514.34 1 0
github.com/jenkins-x/jx-client/pkg/apis/jenkins.io/v1/zz_generated.deepcopy.go:1517.2,1517.12 1 0
github.com/jenkins-x/jx-client/pkg/apis/jenkins.io/v1/zz_generated.deepcopy.go:1514.34,1516.3 1 0
github.com/jenkins-x/jx-client/pkg/apis/jenkins.io/v1/zz_generated.deepcopy.go:1521.61,1525.21 4 0
github.com/jenkins-x/jx-client/pkg/apis/jenkins.io/v1/zz_generated.deepcopy.go:1532.2,1532.8 1 0
[...]
github.com/jenkins-x/jx-client/pkg/apis/jenkins.io/v1/zz_generated.deepcopy.go:3271.23,3275.3 3 0
github.com/jenkins-x/jx-client/pkg/apis/jenkins.io/v1/zz_generated.deepcopy.go:3276.29,3280.3 3 0
github.com/jenkins-x/jx-client/pkg/apis/jenkins.io/v1/zz_generated.deepcopy.go:3281.23,3284.22 3 0
github.com/jenkins-x/jx-client/pkg/apis/jenkins.io/v1/zz_generated.deepcopy.go:3284.22,3285.23 1 0
github.com/jenkins-x/jx-client/pkg/apis/jenkins.io/v1/zz_generated.deepcopy.go:3285.23,3289.5 3 0
github.com/jenkins-x/jx-client/pkg/apis/jenkins.io/v1/zz_generated.deepcopy.go:3292.25,3296.3 3 0
github.com/jenkins-x/jx-client/pkg/apis/jenkins.io/v1/zz_generated.deepcopy.go:3297.27,3300.22 3 0
github.com/jenkins-x/jx-client/pkg/apis/jenkins.io/v1/zz_generated.deepcopy.go:3300.22,3301.23 1 0
github.com/jenkins-x/jx-client/pkg/apis/jenkins.io/v1/zz_generated.deepcopy.go:3301.23,3305.5 3 0
github.com/jenkins-x/jx-client/pkg/apis/jenkins.io/v1/zz_generated.deepcopy.go:3312.52,3313.15 1 0
github.com/jenkins-x/jx-client/pkg/apis/jenkins.io/v1/zz_generated.deepcopy.go:3316.2,3318.12 3 0
github.com/jenkins-x/jx-client/pkg/apis/jenkins.io/v1/zz_generated.deepcopy.go:3313.15,3315.3 1 0
github.com/jenkins-x/jx-client/pkg/apis/jenkins.io/v1/zz_generated.deepcopy.go:3322.65,3328.2 5 0
github.com/jenkins-x/jx-client/pkg/apis/jenkins.io/v1/zz_generated.deepcopy.go:3331.58,3332.15 1 0
github.com/jenkins-x/jx-client/pkg/apis/jenkins.io/v1/zz_generated.deepcopy.go:3335.2,3337.12 3 0
github.com/jenkins-x/jx-client/pkg/apis/jenkins.io/v1/zz_generated.deepcopy.go:3332.15,3334.3 1 0
github.com/jenkins-x/jx-client/pkg/apis/jenkins.io/v1/zz_generated.deepcopy.go:3341.61,3342.34 1 0
github.com/jenkins-x/jx-client/pkg/apis/jenkins.io/v1/zz_generated.deepcopy.go:3345.2,3345.12 1 0
github.com/jenkins-x/jx-client/pkg/apis/jenkins.io/v1/zz_generated.deepcopy.go:3342.34,3344.3 1 0
github.com/jenkins-x/jx-client/pkg/apis/jenkins.io/v1/zz_generated.deepcopy.go:3349.75,3355.2 5 0
github.com/jenkins-x/jx-client/pkg/apis/jenkins.io/v1/zz_generated.deepcopy.go:3358.68,3359.15 1 0
github.com/jenkins-x/jx-client/pkg/apis/jenkins.io/v1/zz_generated.deepcopy.go:3362.2,3364.12 3 0
github.com/jenkins-x/jx-client/pkg/apis/jenkins.io/v1/zz_generated.deepcopy.go:3359.15,3361.3 1 0
github.com/jenkins-x/jx-client/pkg/apis/jenkins.io/v1/zz_generated.deepcopy.go:3368.66,3369.34 1 0
github.com/jenkins-x/jx-client/pkg/apis/jenkins.io/v1/zz_generated.deepcopy.go:3372.2,3372.12 1 0
github.com/jenkins-x/jx-client/pkg/apis/jenkins.io/v1/zz_generated.deepcopy.go:3369.34,3371.3 1 0
github.com/jenkins-x/jx-client/pkg/apis/jenkins.io/v1/zz_generated.deepcopy.go:3376.83,3380.21 4 0
github.com/jenkins-x/jx-client/pkg/apis/jenkins.io/v1/zz_generated.deepcopy.go:3387.2,3387.8 1 0
github.com/jenkins-x/jx-client/pkg/apis/jenkins.io/v1/zz_generated.deepcopy.go:3380.21,3383.22 3 0
github.com/jenkins-x/jx-client/pkg/apis/jenkins.io/v1/zz_generated.deepcopy.go:3383.22,3385.4 1 0
github.com/jenkins-x/jx-client/pkg/apis/jenkins.io/v1/zz_generated.deepcopy.go:3391.76,3392.15 1 0
github.com/jenkins-x/jx-client/pkg/apis/jenkins.io/v1/zz_generated.deepcopy.go:3395.2,3397.12 3 0
github.com/jenkins-x/jx-client/pkg/apis/jenkins.io/v1/zz_generated.deepcopy.go:3392.15,3394.3 1 0
github.com/jenkins-x/jx-client/pkg/apis/jenkins.io/v1/zz_generated.deepcopy.go:3401.70,3402.34 1 0
github.com/jenkins-x/jx-client/pkg/apis/jenkins.io/v1/zz_generated.deepcopy.go:3405.2,3405.12 1 0
github.com/jenkins-x/jx-client/pkg/apis/jenkins.io/v1/zz_generated.deepcopy.go:3402.34,3404.3 1 0
github.com/jenkins-x/jx-client/pkg/apis/jenkins.io/v1/zz_generated.deepcopy.go:3409.83,3413.36 4 0
github.com/jenkins-x/jx-client/pkg/apis/jenkins.io/v1/zz_generated.deepcopy.go:3418.2,3419.8 2 0
github.com/jenkins-x/jx-client/pkg/apis/jenkins.io/v1/zz_generated.deepcopy.go:3413.36,3417.3 3 0
github.com/jenkins-x/jx-client/pkg/apis/jenkins.io/v1/zz_generated.deepcopy.go:3423.76,3424.15 1 0
github.com/jenkins-x/jx-client/pkg/apis/jenkins.io/v1/zz_generated.deepcopy.go:3427.2,3429.12 3 0
github.com/jenkins-x/jx-client/pkg/apis/jenkins.io/v1/zz_generated.deepcopy.go:3424.15,3426.3 1 0
github.com/jenkins-x/jx-client/pkg/apis/jenkins.io/v1/zz_generated.deepcopy.go:3433.73,3437.21 4 0
github.com/jenkins-x/jx-client/pkg/apis/jenkins.io/v1/zz_generated.deepcopy.go:3444.2,3444.8 1 0
github.com/jenkins-x/jx-client/pkg/apis/jenkins.io/v1/zz_generated.deepcopy.go:3437.21,3440.22 3 0
github.com/jenkins-x/jx-client/pkg/apis/jenkins.io/v1/zz_generated.deepcopy.go:3440.22,3442.4 1 0
github.com/jenkins-x/jx-client/pkg/apis/jenkins.io/v1/zz_generated.deepcopy.go:3448.66,3449.15 1 0
github.com/jenkins-x/jx-client/pkg/apis/jenkins.io/v1/zz_generated.deepcopy.go:3452.2,3454.12 3 0
github.com/jenkins-x/jx-client/pkg/apis/jenkins.io/v1/zz_generated.deepcopy.go:3449.15,3451.3 1 0
github.com/jenkins-x/jx-client/pkg/apis/jenkins.io/v1/zz_generated.deepcopy.go:3458.65,3459.34 1 0
github.com/jenkins-x/jx-client/pkg/apis/jenkins.io/v1/zz_generated.deepcopy.go:3462.2,3462.12 1 0
github.com/jenkins-x/jx-client/pkg/apis/jenkins.io/v1/zz_generated.deepcopy.go:3459.34,3461.3 1 0
github.com/jenkins-x/jx-client/pkg/apis/jenkins.io/v1/zz_generated.deepcopy.go:3466.73,3470.2 3 0
github.com/jenkins-x/jx-client/pkg/apis/jenkins.io/v1/zz_generated.deepcopy.go:3473.66,3474.15 1 0
github.com/jenkins-x/jx-client/pkg/apis/jenkins.io/v1/zz_generated.deepcopy.go:3477.2,3479.12 3 0
github.com/jenkins-x/jx-client/pkg/apis/jenkins.io/v1/zz_generated.deepcopy.go:3474.15,3476.3 1 0
github.com/jenkins-x/jx-client/pkg/apis/jenkins.io/v1/zz_generated.deepcopy.go:3483.67,3486.21 3 0
github.com/jenkins-x/jx-client/pkg/apis/jenkins.io/v1/zz_generated.deepcopy.go:3493.2,3493.8 1 0
github.com/jenkins-x/jx-client/pkg/apis/jenkins.io/v1/zz_generated.deepcopy.go:3486.21,3489.22 3 0
github.com/jenkins-x/jx-client/pkg/apis/jenkins.io/v1/zz_generated.deepcopy.go:3489.22,3491.4 1 0
github.com/jenkins-x/jx-client/pkg/apis/jenkins.io/v1/zz_generated.deepcopy.go:3497.60,3498.15 1 0
github.com/jenkins-x/jx-client/pkg/apis/jenkins.io/v1/zz_generated.deepcopy.go:3501.2,3503.12 3 0
github.com/jenkins-x/jx-client/pkg/apis/jenkins.io/v1/zz_generated.deepcopy.go:3498.15,3500.3 1 0
github.com/jenkins-x/jx-client/pkg/apis/jenkins.io/v1/zz_generated.deepcopy.go:3507.51,3509.20 2 0
github.com/jenkins-x/jx-client/pkg/apis/jenkins.io/v1/zz_generated.deepcopy.go:3514.2,3514.8 1 0
github.com/jenkins-x/jx-client/pkg/apis/jenkins.io/v1/zz_generated.deepcopy.go:3509.20,3513.3 3 0
github.com/jenkins-x/jx-client/pkg/apis/jenkins.io/v1/zz_generated.deepcopy.go:3518.44,3519.15 1 0
github.com/jenkins-x/jx-client/pkg/apis/jenkins.io/v1/zz_generated.deepcopy.go:3522.2,3524.12 3 0
github.com/jenkins-x/jx-client/pkg/apis/jenkins.io/v1/zz_generated.deepcopy.go:3519.15,3521.3 1 0
github.com/jenkins-x/jx-client/pkg/apis/jenkins.io/v1/zz_generated.deepcopy.go:3528.63,3531.2 2 0
github.com/jenkins-x/jx-client/pkg/apis/jenkins.io/v1/zz_generated.deepcopy.go:3534.56,3535.15 1 0
github.com/jenkins-x/jx-client/pkg/apis/jenkins.io/v1/zz_generated.deepcopy.go:3538.2,3540.12 3 0
github.com/jenkins-x/jx-client/pkg/apis/jenkins.io/v1/zz_generated.deepcopy.go:3535.15,3537.3 1 0
github.com/jenkins-x/jx-client/pkg/apis/jenkins.io/v1/zz_generated.deepcopy.go:3544.41,3551.2 6 0
github.com/jenkins-x/jx-client/pkg/apis/jenkins.io/v1/zz_generated.deepcopy.go:3554.34,3555.15 1 0
github.com/jenkins-x/jx-client/pkg/apis/jenkins.io/v1/zz_generated.deepcopy.go:3558.2,3560.12 3 0
github.com/jenkins-x/jx-client/pkg/apis/jenkins.io/v1/zz_generated.deepcopy.go:3555.15,3557.3 1 0
github.com/jenkins-x/jx-client/pkg/apis/jenkins.io/v1/zz_generated.deepcopy.go:3564.49,3565.34 1 0
github.com/jenkins-x/jx-client/pkg/apis/jenkins.io/v1/zz_generated.deepcopy.go:3568.2,3568.12 1 0
github.com/jenkins-x/jx-client/pkg/apis/jenkins.io/v1/zz_generated.deepcopy.go:3565.34,3567.3 1 0
github.com/jenkins-x/jx-client/pkg/apis/jenkins.io/v1/zz_generated.deepcopy.go:3572.49,3576.21 4 0
github.com/jenkins-x/jx-client/pkg/apis/jenkins.io/v1/zz_generated.deepcopy.go:3583.2,3583.8 1 0
github.com/jenkins-x/jx-client/pkg/apis/jenkins.io/v1/zz_generated.deepcopy.go:3576.21,3579.22 3 0
github.com/jenkins-x/jx-client/pkg/apis/jenkins.io/v1/zz_generated.deepcopy.go:3579.22,3581.4 1 0
github.com/jenkins-x/jx-client/pkg/apis/jenkins.io/v1/zz_generated.deepcopy.go:3587.42,3588.15 1 0
github.com/jenkins-x/jx-client/pkg/apis/jenkins.io/v1/zz_generated.deepcopy.go:3591.2,3593.12 3 0
github.com/jenkins-x/jx-client/pkg/apis/jenkins.io/v1/zz_generated.deepcopy.go:3588.15,3590.3 1 0
github.com/jenkins-x/jx-client/pkg/apis/jenkins.io/v1/zz_generated.deepcopy.go:3597.53,3598.34 1 0
github.com/jenkins-x/jx-client/pkg/apis/jenkins.io/v1/zz_generated.deepcopy.go:3601.2,3601.12 1 0
github.com/jenkins-x/jx-client/pkg/apis/jenkins.io/v1/zz_generated.deepcopy.go:3598.34,3600.3 1 0
github.com/jenkins-x/jx-client/pkg/apis/jenkins.io/v1/zz_generated.deepcopy.go:3605.57,3607.35 2 0
github.com/jenkins-x/jx-client/pkg/apis/jenkins.io/v1/zz_generated.deepcopy.go:3614.2,3614.31 1 0
github.com/jenkins-x/jx-client/pkg/apis/jenkins.io/v1/zz_generated.deepcopy.go:3621.2,3621.32 1 0
github.com/jenkins-x/jx-client/pkg/apis/jenkins.io/v1/zz_generated.deepcopy.go:3626.2,3626.28 1 0
github.com/jenkins-x/jx-client/pkg/apis/jenkins.io/v1/zz_generated.deepcopy.go:3631.2,3632.29 2 0
github.com/jenkins-x/jx-client/pkg/apis/jenkins.io/v1/zz_generated.deepcopy.go:3637.2,3637.8 1 0
github.com/jenkins-x/jx-client/pkg/apis/jenkins.io/v1/zz_generated.deepcopy.go:3607.35,3610.22 3 0
github.com/jenkins-x/jx-client/pkg/apis/jenkins.io/v1/zz_generated.deepcopy.go:3610.22,3612.4 1 0
github.com/jenkins-x/jx-client/pkg/apis/jenkins.io/v1/zz_generated.deepcopy.go:3614.31,3617.22 3 0
github.com/jenkins-x/jx-client/pkg/apis/jenkins.io/v1/zz_generated.deepcopy.go:3617.22,3619.4 1 0
github.com/jenkins-x/jx-client/pkg/apis/jenkins.io/v1/zz_generated.deepcopy.go:3621.32,3625.3 3 0
github.com/jenkins-x/jx-client/pkg/apis/jenkins.io/v1/zz_generated.deepcopy.go:3626.28,3630.3 3 0
github.com/jenkins-x/jx-client/pkg/apis/jenkins.io/v1/zz_generated.deepcopy.go:3632.29,3636.3 3 0
github.com/jenkins-x/jx-client/pkg/apis/jenkins.io/v1/zz_generated.deepcopy.go:3641.50,3642.15 1 0
github.com/jenkins-x/jx-client/pkg/apis/jenkins.io/v1/zz_generated.deepcopy.go:3645.2,3647.12 3 0
github.com/jenkins-x/jx-client/pkg/apis/jenkins.io/v1/zz_generated.deepcopy.go:3642.15,3644.3 1 0
github.com/jenkins-x/jx-client/pkg/apis/jenkins.io/v1/zz_generated.deepcopy.go:3651.49,3653.23 2 0
github.com/jenkins-x/jx-client/pkg/apis/jenkins.io/v1/zz_generated.deepcopy.go:3658.2,3658.8 1 0
github.com/jenkins-x/jx-client/pkg/apis/jenkins.io/v1/zz_generated.deepcopy.go:3653.23,3657.3 3 0
github.com/jenkins-x/jx-client/pkg/apis/jenkins.io/v1/zz_generated.deepcopy.go:3662.42,3663.15 1 0
github.com/jenkins-x/jx-client/pkg/apis/jenkins.io/v1/zz_generated.deepcopy.go:3666.2,3668.12 3 0
github.com/jenkins-x/jx-client/pkg/apis/jenkins.io/v1/zz_generated.deepcopy.go:3663.15,3665.3 1 0
github.com/jenkins-x/jx-client/pkg/apis/jenkins.io/v1/zz_generated.deepcopy.go:3672.53,3675.2 2 0
github.com/jenkins-x/jx-client/pkg/apis/jenkins.io/v1/zz_generated.deepcopy.go:3678.46,3679.15 1 0
github.com/jenkins-x/jx-client/pkg/apis/jenkins.io/v1/zz_generated.deepcopy.go:3682.2,3684.12 3 0
github.com/jenkins-x/jx-client/pkg/apis/jenkins.io/v1/zz_generated.deepcopy.go:3679.15,3681.3 1 0
github.com/jenkins-x/jx-client/pkg/apis/jenkins.io/v1/zz_generated.deepcopy.go:3688.47,3690.26 2 0
github.com/jenkins-x/jx-client/pkg/apis/jenkins.io/v1/zz_generated.deepcopy.go:3695.2,3695.26 1 0
github.com/jenkins-x/jx-client/pkg/apis/jenkins.io/v1/zz_generated.deepcopy.go:3700.2,3700.30 1 0
github.com/jenkins-x/jx-client/pkg/apis/jenkins.io/v1/zz_generated.deepcopy.go:3705.2,3705.30 1 0
github.com/jenkins-x/jx-client/pkg/apis/jenkins.io/v1/zz_generated.deepcopy.go:3710.2,3710.8 1 0
github.com/jenkins-x/jx-client/pkg/apis/jenkins.io/v1/zz_generated.deepcopy.go:3690.26,3694.3 3 0
github.com/jenkins-x/jx-client/pkg/apis/jenkins.io/v1/zz_generated.deepcopy.go:3695.26,3699.3 3 0
github.com/jenkins-x/jx-client/pkg/apis/jenkins.io/v1/zz_generated.deepcopy.go:3700.30,3704.3 3 0
github.com/jenkins-x/jx-client/pkg/apis/jenkins.io/v1/zz_generated.deepcopy.go:3705.30,3709.3 3 0
github.com/jenkins-x/jx-client/pkg/apis/jenkins.io/v1/zz_generated.deepcopy.go:3714.40,3715.15 1 0
github.com/jenkins-x/jx-client/pkg/apis/jenkins.io/v1/zz_generated.deepcopy.go:3718.2,3720.12 3 0
github.com/jenkins-x/jx-client/pkg/apis/jenkins.io/v1/zz_generated.deepcopy.go:3715.15,3717.3 1 0
github.com/jenkins-x/jx-client/pkg/apis/jenkins.io/v1/zz_generated.deepcopy.go:3724.41,3731.2 6 0
github.com/jenkins-x/jx-client/pkg/apis/jenkins.io/v1/zz_generated.deepcopy.go:3734.34,3735.15 1 0
github.com/jenkins-x/jx-client/pkg/apis/jenkins.io/v1/zz_generated.deepcopy.go:3738.2,3740.12 3 0
github.com/jenkins-x/jx-client/pkg/apis/jenkins.io/v1/zz_generated.deepcopy.go:3735.15,3737.3 1 0
github.com/jenkins-x/jx-client/pkg/apis/jenkins.io/v1/zz_generated.deepcopy.go:3744.49,3745.34 1 0
github.com/jenkins-x/jx-client/pkg/apis/jenkins.io/v1/zz_generated.deepcopy.go:3748.2,3748.12 1 0
github.com/jenkins-x/jx-client/pkg/apis/jenkins.io/v1/zz_generated.deepcopy.go:3745.34,3747.3 1 0
github.com/jenkins-x/jx-client/pkg/apis/jenkins.io/v1/zz_generated.deepcopy.go:3752.55,3754.33 2 0
github.com/jenkins-x/jx-client/pkg/apis/jenkins.io/v1/zz_generated.deepcopy.go:3758.2,3758.24 1 0
github.com/jenkins-x/jx-client/pkg/apis/jenkins.io/v1/zz_generated.deepcopy.go:3763.2,3763.8 1 0
github.com/jenkins-x/jx-client/pkg/apis/jenkins.io/v1/zz_generated.deepcopy.go:3754.33,3757.3 2 0
github.com/jenkins-x/jx-client/pkg/apis/jenkins.io/v1/zz_generated.deepcopy.go:3758.24,3762.3 3 0
github.com/jenkins-x/jx-client/pkg/apis/jenkins.io/v1/zz_generated.deepcopy.go:3767.48,3768.15 1 0
github.com/jenkins-x/jx-client/pkg/apis/jenkins.io/v1/zz_generated.deepcopy.go:3771.2,3773.12 3 0
github.com/jenkins-x/jx-client/pkg/apis/jenkins.io/v1/zz_generated.deepcopy.go:3768.15,3770.3 1 0
github.com/jenkins-x/jx-client/pkg/apis/jenkins.io/v1/zz_generated.deepcopy.go:3777.49,3781.21 4 0
github.com/jenkins-x/jx-client/pkg/apis/jenkins.io/v1/zz_generated.deepcopy.go:3788.2,3788.8 1 0
github.com/jenkins-x/jx-client/pkg/apis/jenkins.io/v1/zz_generated.deepcopy.go:3781.21,3784.22 3 0
github.com/jenkins-x/jx-client/pkg/apis/jenkins.io/v1/zz_generated.deepcopy.go:3784.22,3786.4 1 0
github.com/jenkins-x/jx-client/pkg/apis/jenkins.io/v1/zz_generated.deepcopy.go:3792.42,3793.15 1 0
github.com/jenkins-x/jx-client/pkg/apis/jenkins.io/v1/zz_generated.deepcopy.go:3796.2,3798.12 3 0
github.com/jenkins-x/jx-client/pkg/apis/jenkins.io/v1/zz_generated.deepcopy.go:3793.15,3795.3 1 0
github.com/jenkins-x/jx-client/pkg/apis/jenkins.io/v1/zz_generated.deepcopy.go:3802.53,3803.34 1 0
github.com/jenkins-x/jx-client/pkg/apis/jenkins.io/v1/zz_generated.deepcopy.go:3806.2,3806.12 1 0
github.com/jenkins-x/jx-client/pkg/apis/jenkins.io/v1/zz_generated.deepcopy.go:3803.34,3805.3 1 0
github.com/jenkins-x/jx-client/pkg/apis/jenkins.io/v1/zz_generated.deepcopy.go:3810.49,3813.2 2 0
github.com/jenkins-x/jx-client/pkg/apis/jenkins.io/v1/zz_generated.deepcopy.go:3816.42,3817.15 1 0
github.com/jenkins-x/jx-client/pkg/apis/jenkins.io/v1/zz_generated.deepcopy.go:3820.2,3822.12 3 0
github.com/jenkins-x/jx-client/pkg/apis/jenkins.io/v1/zz_generated.deepcopy.go:3817.15,3819.3 1 0
github.com/jenkins-x/jx-client/pkg/apis/jenkins.io/v1/zz_generated.deepcopy.go:3826.47,3828.31 2 0
github.com/jenkins-x/jx-client/pkg/apis/jenkins.io/v1/zz_generated.deepcopy.go:3833.2,3833.8 1 0
github.com/jenkins-x/jx-client/pkg/apis/jenkins.io/v1/zz_generated.deepcopy.go:3828.31,3832.3 3 0
github.com/jenkins-x/jx-client/pkg/apis/jenkins.io/v1/zz_generated.deepcopy.go:3837.40,3838.15 1 0
github.com/jenkins-x/jx-client/pkg/apis/jenkins.io/v1/zz_generated.deepcopy.go:3841.2,3843.12 3 0
github.com/jenkins-x/jx-client/pkg/apis/jenkins.io/v1/zz_generated.deepcopy.go:3838.15,3840.3 1 0
github.com/jenkins-x/jx-client/pkg/apis/jenkins.io/v1/zz_generated.deepcopy.go:3847.49,3854.2 6 0
github.com/jenkins-x/jx-client/pkg/apis/jenkins.io/v1/zz_generated.deepcopy.go:3857.42,3858.15 1 0
github.com/jenkins-x/jx-client/pkg/apis/jenkins.io/v1/zz_generated.deepcopy.go:3861.2,3863.12 3 0
github.com/jenkins-x/jx-client/pkg/apis/jenkins.io/v1/zz_generated.deepcopy.go:3858.15,3860.3 1 0
github.com/jenkins-x/jx-client/pkg/apis/jenkins.io/v1/zz_generated.deepcopy.go:3867.53,3868.34 1 0
github.com/jenkins-x/jx-client/pkg/apis/jenkins.io/v1/zz_generated.deepcopy.go:3871.2,3871.12 1 0
github.com/jenkins-x/jx-client/pkg/apis/jenkins.io/v1/zz_generated.deepcopy.go:3868.34,3870.3 1 0
github.com/jenkins-x/jx-client/pkg/apis/jenkins.io/v1/zz_generated.deepcopy.go:3875.57,3879.21 4 0
github.com/jenkins-x/jx-client/pkg/apis/jenkins.io/v1/zz_generated.deepcopy.go:3886.2,3886.8 1 0
github.com/jenkins-x/jx-client/pkg/apis/jenkins.io/v1/zz_generated.deepcopy.go:3879.21,3882.22 3 0
github.com/jenkins-x/jx-client/pkg/apis/jenkins.io/v1/zz_generated.deepcopy.go:3882.22,3884.4 1 0
github.com/jenkins-x/jx-client/pkg/apis/jenkins.io/v1/zz_generated.deepcopy.go:3890.50,3891.15 1 0
github.com/jenkins-x/jx-client/pkg/apis/jenkins.io/v1/zz_generated.deepcopy.go:3894.2,3896.12 3 0
github.com/jenkins-x/jx-client/pkg/apis/jenkins.io/v1/zz_generated.deepcopy.go:3891.15,3893.3 1 0
github.com/jenkins-x/jx-client/pkg/apis/jenkins.io/v1/zz_generated.deepcopy.go:3900.57,3901.34 1 0
github.com/jenkins-x/jx-client/pkg/apis/jenkins.io/v1/zz_generated.deepcopy.go:3904.2,3904.12 1 0
github.com/jenkins-x/jx-client/pkg/apis/jenkins.io/v1/zz_generated.deepcopy.go:3901.34,3903.3 1 0
github.com/jenkins-x/jx-client/pkg/apis/jenkins.io/v1/zz_generated.deepcopy.go:3908.75,3910.28 2 0
github.com/jenkins-x/jx-client/pkg/apis/jenkins.io/v1/zz_generated.deepcopy.go:3915.2,3915.8 1 0
github.com/jenkins-x/jx-client/pkg/apis/jenkins.io/v1/zz_generated.deepcopy.go:3910.28,3914.3 3 0
github.com/jenkins-x/jx-client/pkg/apis/jenkins.io/v1/zz_generated.deepcopy.go:3919.68,3920.15 1 0
github.com/jenkins-x/jx-client/pkg/apis/jenkins.io/v1/zz_generated.deepcopy.go:3923.2,3925.12 3 0
github.com/jenkins-x/jx-client/pkg/apis/jenkins.io/v1/zz_generated.deepcopy.go:3920.15,3922.3 1 0
github.com/jenkins-x/jx-client/pkg/apis/jenkins.io/v1/zz_generated.deepcopy.go:3929.57,3931.21 2 0
github.com/jenkins-x/jx-client/pkg/apis/jenkins.io/v1/zz_generated.deepcopy.go:3938.2,3938.8 1 0
github.com/jenkins-x/jx-client/pkg/apis/jenkins.io/v1/zz_generated.deepcopy.go:3931.21,3934.22 3 0
github.com/jenkins-x/jx-client/pkg/apis/jenkins.io/v1/zz_generated.deepcopy.go:3934.22,3936.4 1 0
github.com/jenkins-x/jx-client/pkg/apis/jenkins.io/v1/zz_generated.deepcopy.go:3942.50,3943.15 1 0
github.com/jenkins-x/jx-client/pkg/apis/jenkins.io/v1/zz_generated.deepcopy.go:3946.2,3948.12 3 0
github.com/jenkins-x/jx-client/pkg/apis/jenkins.io/v1/zz_generated.deepcopy.go:3943.15,3945.3 1 0
github.com/jenkins-x/jx-client/pkg/apis/jenkins.io/v1/zz_generated.deepcopy.go:3952.61,3955.2 2 0
github.com/jenkins-x/jx-client/pkg/apis/jenkins.io/v1/zz_generated.deepcopy.go:3958.54,3959.15 1 0
github.com/jenkins-x/jx-client/pkg/apis/jenkins.io/v1/zz_generated.deepcopy.go:3962.2,3964.12 3 0
github.com/jenkins-x/jx-client/pkg/apis/jenkins.io/v1/zz_generated.deepcopy.go:3959.15,3961.3 1 0
github.com/jenkins-x/jx-client/pkg/apis/jenkins.io/v1/zz_generated.deepcopy.go:3968.57,3971.23 3 0
github.com/jenkins-x/jx-client/pkg/apis/jenkins.io/v1/zz_generated.deepcopy.go:3976.2,3976.8 1 0
github.com/jenkins-x/jx-client/pkg/apis/jenkins.io/v1/zz_generated.deepcopy.go:3971.23,3975.3 3 0
github.com/jenkins-x/jx-client/pkg/apis/jenkins.io/v1/zz_generated.deepcopy.go:3980.50,3981.15 1 0
github.com/jenkins-x/jx-client/pkg/apis/jenkins.io/v1/zz_generated.deepcopy.go:3984.2,3986.12 3 0
github.com/jenkins-x/jx-client/pkg/apis/jenkins.io/v1/zz_generated.deepcopy.go:3981.15,3983.3 1 0
